Nov 01, 2017 1:19:07 AM experiments.MultiThreadExperiment main
INFO: Starting invoking the experiment
Nov 01, 2017 1:19:07 AM experiments.MultiThreadExperiment main
INFO: Reading input file to grab experiments data
Nov 01, 2017 1:19:07 AM experiments.MultiThreadExperiment main
INFO: Reading exisiting output files to mark done experiments
Nov 01, 2017 1:19:07 AM experiments.MultiThreadExperiment main
INFO: Running experiment for Lifted Top Matching
Nov 01, 2017 1:19:07 AM experiments.MultiThreadExperiment runExperiments
INFO: Running experiment 13 out of 130 (0.100000 %)
Nov 01, 2017 1:19:07 AM experiments.MultiThreadExperiment runExperiment
INFO: Runnning experiment with Lifted Top Matching algorithm for scenrio-id 33, number of threads 1
Nov 01, 2017 1:19:07 AM experiments.MultiThreadExperiment runExperiment
INFO: Running inference
Nov 01, 2017 1:19:07 AM liftedtopmatching.LiftedTopMatchingAlgorithm calculateProbability
INFO: Generating initial deltas
Nov 01, 2017 1:19:08 AM liftedtopmatching.LiftedTopMatchingAlgorithm calculateProbability
INFO: Calculating probability over 24 deltas
Nov 01, 2017 1:19:08 AM liftedtopmatching.LiftedTopMatchingAlgorithm calculateProbability
INFO: Multithread is false
Nov 01, 2017 1:19:08 AM liftedtopmatching.LiftedTopMatchingAlgorithm calculateProbabilityForSubsetOfDeltas
INFO: Calculating probability over 24 deltas
Nov 01, 2017 1:19:08 AM liftedtopmatching.LiftedTopMatchingAlgorithm calculateProbabilityForSubsetOfDeltas
INFO: Done with 1 out of 20 items
Nov 01, 2017 1:19:08 AM liftedtopmatching.LiftedTopMatchingAlgorithm calculateProbabilityForSubsetOfDeltas
INFO: Calculating probability over 108 deltas
Nov 01, 2017 1:19:08 AM liftedtopmatching.LiftedTopMatchingAlgorithm calculateProbabilityForSubsetOfDeltas
INFO: Done with 2 out of 20 items
Nov 01, 2017 1:19:08 AM liftedtopmatching.LiftedTopMatchingAlgorithm calculateProbabilityForSubsetOfDeltas
INFO: Calculating probability over 288 deltas
Nov 01, 2017 1:19:08 AM liftedtopmatching.LiftedTopMatchingAlgorithm calculateProbabilityForSubsetOfDeltas
INFO: Done with 3 out of 20 items
Nov 01, 2017 1:19:08 AM liftedtopmatching.LiftedTopMatchingAlgorithm calculateProbabilityForSubsetOfDeltas
INFO: Calculating probability over 976 deltas
Nov 01, 2017 1:19:08 AM liftedtopmatching.LiftedTopMatchingAlgorithm calculateProbabilityForSubsetOfDeltas
INFO: Done with 4 out of 20 items
Nov 01, 2017 1:19:08 AM liftedtopmatching.LiftedTopMatchingAlgorithm calculateProbabilityForSubsetOfDeltas
INFO: Calculating probability over 3104 deltas
Nov 01, 2017 1:19:08 AM liftedtopmatching.LiftedTopMatchingAlgorithm calculateProbabilityForSubsetOfDeltas
INFO: Done with 5 out of 20 items
Nov 01, 2017 1:19:08 AM liftedtopmatching.LiftedTopMatchingAlgorithm calculateProbabilityForSubsetOfDeltas
INFO: Calculating probability over 6020 deltas
Nov 01, 2017 1:19:08 AM liftedtopmatching.LiftedTopMatchingAlgorithm calculateProbabilityForSubsetOfDeltas
INFO: Done with 6 out of 20 items
Nov 01, 2017 1:19:08 AM liftedtopmatching.LiftedTopMatchingAlgorithm calculateProbabilityForSubsetOfDeltas
INFO: Calculating probability over 25348 deltas
Nov 01, 2017 1:19:09 AM liftedtopmatching.LiftedTopMatchingAlgorithm calculateProbabilityForSubsetOfDeltas
INFO: Done with 7 out of 20 items
Nov 01, 2017 1:19:09 AM liftedtopmatching.LiftedTopMatchingAlgorithm calculateProbabilityForSubsetOfDeltas
INFO: Calculating probability over 70488 deltas
Nov 01, 2017 1:19:11 AM liftedtopmatching.LiftedTopMatchingAlgorithm calculateProbabilityForSubsetOfDeltas
INFO: Done with 8 out of 20 items
Nov 01, 2017 1:19:11 AM liftedtopmatching.LiftedTopMatchingAlgorithm calculateProbabilityForSubsetOfDeltas
INFO: Calculating probability over 170248 deltas
Nov 01, 2017 1:19:15 AM liftedtopmatching.LiftedTopMatchingAlgorithm calculateProbabilityForSubsetOfDeltas
INFO: Done with 9 out of 20 items
Nov 01, 2017 1:19:15 AM liftedtopmatching.LiftedTopMatchingAlgorithm calculateProbabilityForSubsetOfDeltas
INFO: Calculating probability over 271872 deltas
Nov 01, 2017 1:19:22 AM liftedtopmatching.LiftedTopMatchingAlgorithm calculateProbabilityForSubsetOfDeltas
INFO: Done with 10 out of 20 items
Nov 01, 2017 1:19:22 AM liftedtopmatching.LiftedTopMatchingAlgorithm calculateProbabilityForSubsetOfDeltas
INFO: Calculating probability over 416952 deltas
Nov 01, 2017 1:19:35 AM liftedtopmatching.LiftedTopMatchingAlgorithm calculateProbabilityForSubsetOfDeltas
INFO: Done with 11 out of 20 items
Nov 01, 2017 1:19:35 AM liftedtopmatching.LiftedTopMatchingAlgorithm calculateProbabilityForSubsetOfDeltas
INFO: Calculating probability over 600432 deltas
Nov 01, 2017 1:19:58 AM liftedtopmatching.LiftedTopMatchingAlgorithm calculateProbabilityForSubsetOfDeltas
INFO: Done with 12 out of 20 items
Nov 01, 2017 1:19:58 AM liftedtopmatching.LiftedTopMatchingAlgorithm calculateProbabilityForSubsetOfDeltas
INFO: Calculating probability over 1093776 deltas
Nov 01, 2017 1:20:13 AM liftedtopmatching.LiftedTopMatchingAlgorithm calculateProbabilityForSubsetOfDeltas
INFO: Done with 13 out of 20 items
Nov 01, 2017 1:20:13 AM liftedtopmatching.LiftedTopMatchingAlgorithm calculateProbabilityForSubsetOfDeltas
INFO: Calculating probability over 634632 deltas
Nov 01, 2017 1:20:36 AM liftedtopmatching.LiftedTopMatchingAlgorithm calculateProbabilityForSubsetOfDeltas
INFO: Done with 14 out of 20 items
Nov 01, 2017 1:20:36 AM liftedtopmatching.LiftedTopMatchingAlgorithm calculateProbabilityForSubsetOfDeltas
INFO: Calculating probability over 866796 deltas
Nov 01, 2017 1:20:49 AM liftedtopmatching.LiftedTopMatchingAlgorithm calculateProbabilityForSubsetOfDeltas
INFO: Done with 15 out of 20 items
Nov 01, 2017 1:20:49 AM liftedtopmatching.LiftedTopMatchingAlgorithm calculateProbabilityForSubsetOfDeltas
INFO: Calculating probability over 544608 deltas
Nov 01, 2017 1:21:05 AM liftedtopmatching.LiftedTopMatchingAlgorithm calculateProbabilityForSubsetOfDeltas
INFO: Done with 16 out of 20 items
Nov 01, 2017 1:21:05 AM liftedtopmatching.LiftedTopMatchingAlgorithm calculateProbabilityForSubsetOfDeltas
INFO: Calculating probability over 725744 deltas
Nov 01, 2017 1:21:17 AM liftedtopmatching.LiftedTopMatchingAlgorithm calculateProbabilityForSubsetOfDeltas
INFO: Done with 17 out of 20 items
Nov 01, 2017 1:21:17 AM liftedtopmatching.LiftedTopMatchingAlgorithm calculateProbabilityForSubsetOfDeltas
INFO: Calculating probability over 411968 deltas
Nov 01, 2017 1:21:23 AM liftedtopmatching.LiftedTopMatchingAlgorithm calculateProbabilityForSubsetOfDeltas
INFO: Done with 18 out of 20 items
Nov 01, 2017 1:21:23 AM liftedtopmatching.LiftedTopMatchingAlgorithm calculateProbabilityForSubsetOfDeltas
INFO: Calculating probability over 233184 deltas
Nov 01, 2017 1:21:30 AM liftedtopmatching.LiftedTopMatchingAlgorithm calculateProbabilityForSubsetOfDeltas
INFO: Done with 19 out of 20 items
Nov 01, 2017 1:21:30 AM liftedtopmatching.LiftedTopMatchingAlgorithm calculateProbabilityForSubsetOfDeltas
INFO: Calculating probability over 302064 deltas
Nov 01, 2017 1:21:35 AM liftedtopmatching.LiftedTopMatchingAlgorithm calculateProbabilityForSubsetOfDeltas
INFO: Done with 20 out of 20 items
Nov 01, 2017 1:21:35 AM liftedtopmatching.LiftedTopMatchingAlgorithm calculateProbabilityForSubsetOfDeltas
INFO: Calculating probability over 169512 deltas
Nov 01, 2017 1:21:35 AM liftedtopmatching.LiftedTopMatchingAlgorithm calculateProbability
INFO: Done calculating the probability
Section description: Inference over scenrio-id 33, query-id 1
Original ranking: [10, 11, 14, 17, 18, 1, 6, 3, 16, 5, 15, 2, 13, 7, 4, 9, 8, 12, 20, 19]
Number of items (m): 20
Number of labels (q): 6
Graph: Level: 0, Label: Cand1, Items: [1, 2, 3, 4], Children: [Cand2, Cand3, Cand4, Cand5]
Level: 1, Label: Cand2, Items: [5, 6, 7, 8], Children: []
Level: 1, Label: Cand3, Items: [11, 12, 9, 10], Children: []
Level: 1, Label: Cand4, Items: [13, 14, 15, 16], Children: []
Level: 1, Label: Cand5, Items: [17, 18, 19, 20], Children: []

Algorithm: Lifted Top Matching
Run multithread: false
Optimizations: [Early prunning, Shared modals]
Probabilities: {0.5=0.9993199470019793}
Start Time: Wed Nov 01 01:19:07 IST 2017
End Time: Wed Nov 01 01:21:35 IST 2017
Total Time: 147746 MS

Nov 01, 2017 1:21:35 AM experiments.MultiThreadExperiment runExperiment
INFO: Adding a new Stats row to the stats file of Lifted Top Matching algorithm, query-id 1
Nov 01, 2017 1:21:35 AM experiments.MultiThreadExperiment runExperiments
INFO: Running experiment 14 out of 130 (0.107692 %)
Nov 01, 2017 1:21:35 AM experiments.MultiThreadExperiment runExperiment
INFO: Runnning experiment with Lifted Top Matching algorithm for scenrio-id 33, number of threads 2
Nov 01, 2017 1:21:35 AM experiments.MultiThreadExperiment runExperiment
INFO: Running inference
Nov 01, 2017 1:21:35 AM liftedtopmatching.LiftedTopMatchingAlgorithm calculateProbability
INFO: Generating initial deltas
Nov 01, 2017 1:21:35 AM liftedtopmatching.LiftedTopMatchingAlgorithm calculateProbability
INFO: Calculating probability over 24 deltas
Nov 01, 2017 1:21:35 AM liftedtopmatching.LiftedTopMatchingAlgorithm calculateProbability
INFO: Multithread is true. Running with 2 threads
Nov 01, 2017 1:22:44 AM liftedtopmatching.LiftedTopMatchingAlgorithm calculateProbability
INFO: Done calculating the probability
Section description: Inference over scenrio-id 33, query-id 1
Original ranking: [10, 11, 14, 17, 18, 1, 6, 3, 16, 5, 15, 2, 13, 7, 4, 9, 8, 12, 20, 19]
Number of items (m): 20
Number of labels (q): 6
Graph: Level: 0, Label: Cand1, Items: [1, 2, 3, 4], Children: [Cand2, Cand3, Cand4, Cand5]
Level: 1, Label: Cand2, Items: [5, 6, 7, 8], Children: []
Level: 1, Label: Cand3, Items: [11, 12, 9, 10], Children: []
Level: 1, Label: Cand4, Items: [13, 14, 15, 16], Children: []
Level: 1, Label: Cand5, Items: [17, 18, 19, 20], Children: []

Algorithm: Lifted Top Matching
Run multithread: true
Numbr of threads: 2
Optimizations: [Early prunning, Shared modals]
Probabilities: {0.5=0.9993199470019779}
Start Time: Wed Nov 01 01:21:35 IST 2017
End Time: Wed Nov 01 01:22:44 IST 2017
Total Time: 69048 MS

Nov 01, 2017 1:22:44 AM experiments.MultiThreadExperiment runExperiment
INFO: Adding a new Stats row to the stats file of Lifted Top Matching algorithm, query-id 1
Nov 01, 2017 1:22:44 AM experiments.MultiThreadExperiment runExperiments
INFO: Running experiment 15 out of 130 (0.115385 %)
Nov 01, 2017 1:22:44 AM experiments.MultiThreadExperiment runExperiment
INFO: Runnning experiment with Lifted Top Matching algorithm for scenrio-id 33, number of threads 4
Nov 01, 2017 1:22:44 AM experiments.MultiThreadExperiment runExperiment
INFO: Running inference
Nov 01, 2017 1:22:44 AM liftedtopmatching.LiftedTopMatchingAlgorithm calculateProbability
INFO: Generating initial deltas
Nov 01, 2017 1:22:44 AM liftedtopmatching.LiftedTopMatchingAlgorithm calculateProbability
INFO: Calculating probability over 24 deltas
Nov 01, 2017 1:22:44 AM liftedtopmatching.LiftedTopMatchingAlgorithm calculateProbability
INFO: Multithread is true. Running with 4 threads
Nov 01, 2017 1:23:21 AM liftedtopmatching.LiftedTopMatchingAlgorithm calculateProbability
INFO: Done calculating the probability
Section description: Inference over scenrio-id 33, query-id 1
Original ranking: [10, 11, 14, 17, 18, 1, 6, 3, 16, 5, 15, 2, 13, 7, 4, 9, 8, 12, 20, 19]
Number of items (m): 20
Number of labels (q): 6
Graph: Level: 0, Label: Cand1, Items: [1, 2, 3, 4], Children: [Cand2, Cand3, Cand4, Cand5]
Level: 1, Label: Cand2, Items: [5, 6, 7, 8], Children: []
Level: 1, Label: Cand3, Items: [11, 12, 9, 10], Children: []
Level: 1, Label: Cand4, Items: [13, 14, 15, 16], Children: []
Level: 1, Label: Cand5, Items: [17, 18, 19, 20], Children: []

Algorithm: Lifted Top Matching
Run multithread: true
Numbr of threads: 4
Optimizations: [Early prunning, Shared modals]
Probabilities: {0.5=0.9993199470019815}
Start Time: Wed Nov 01 01:22:44 IST 2017
End Time: Wed Nov 01 01:23:21 IST 2017
Total Time: 37019 MS

Nov 01, 2017 1:23:21 AM experiments.MultiThreadExperiment runExperiment
INFO: Adding a new Stats row to the stats file of Lifted Top Matching algorithm, query-id 1
Nov 01, 2017 1:23:21 AM experiments.MultiThreadExperiment runExperiments
INFO: Running experiment 16 out of 130 (0.123077 %)
Nov 01, 2017 1:23:21 AM experiments.MultiThreadExperiment runExperiment
INFO: Runnning experiment with Lifted Top Matching algorithm for scenrio-id 33, number of threads 6
Nov 01, 2017 1:23:21 AM experiments.MultiThreadExperiment runExperiment
INFO: Running inference
Nov 01, 2017 1:23:21 AM liftedtopmatching.LiftedTopMatchingAlgorithm calculateProbability
INFO: Generating initial deltas
Nov 01, 2017 1:23:21 AM liftedtopmatching.LiftedTopMatchingAlgorithm calculateProbability
INFO: Calculating probability over 24 deltas
Nov 01, 2017 1:23:21 AM liftedtopmatching.LiftedTopMatchingAlgorithm calculateProbability
INFO: Multithread is true. Running with 6 threads
Nov 01, 2017 1:23:46 AM liftedtopmatching.LiftedTopMatchingAlgorithm calculateProbability
INFO: Done calculating the probability
Section description: Inference over scenrio-id 33, query-id 1
Original ranking: [10, 11, 14, 17, 18, 1, 6, 3, 16, 5, 15, 2, 13, 7, 4, 9, 8, 12, 20, 19]
Number of items (m): 20
Number of labels (q): 6
Graph: Level: 0, Label: Cand1, Items: [1, 2, 3, 4], Children: [Cand2, Cand3, Cand4, Cand5]
Level: 1, Label: Cand2, Items: [5, 6, 7, 8], Children: []
Level: 1, Label: Cand3, Items: [11, 12, 9, 10], Children: []
Level: 1, Label: Cand4, Items: [13, 14, 15, 16], Children: []
Level: 1, Label: Cand5, Items: [17, 18, 19, 20], Children: []

Algorithm: Lifted Top Matching
Run multithread: true
Numbr of threads: 6
Optimizations: [Early prunning, Shared modals]
Probabilities: {0.5=0.9993199470019779}
Start Time: Wed Nov 01 01:23:21 IST 2017
End Time: Wed Nov 01 01:23:46 IST 2017
Total Time: 24516 MS

Nov 01, 2017 1:23:46 AM experiments.MultiThreadExperiment runExperiment
INFO: Adding a new Stats row to the stats file of Lifted Top Matching algorithm, query-id 1
Nov 01, 2017 1:23:46 AM experiments.MultiThreadExperiment runExperiments
INFO: Running experiment 17 out of 130 (0.130769 %)
Nov 01, 2017 1:23:46 AM experiments.MultiThreadExperiment runExperiment
INFO: Runnning experiment with Lifted Top Matching algorithm for scenrio-id 33, number of threads 8
Nov 01, 2017 1:23:46 AM experiments.MultiThreadExperiment runExperiment
INFO: Running inference
Nov 01, 2017 1:23:46 AM liftedtopmatching.LiftedTopMatchingAlgorithm calculateProbability
INFO: Generating initial deltas
Nov 01, 2017 1:23:46 AM liftedtopmatching.LiftedTopMatchingAlgorithm calculateProbability
INFO: Calculating probability over 24 deltas
Nov 01, 2017 1:23:46 AM liftedtopmatching.LiftedTopMatchingAlgorithm calculateProbability
INFO: Multithread is true. Running with 8 threads
Nov 01, 2017 1:24:05 AM liftedtopmatching.LiftedTopMatchingAlgorithm calculateProbability
INFO: Done calculating the probability
Section description: Inference over scenrio-id 33, query-id 1
Original ranking: [10, 11, 14, 17, 18, 1, 6, 3, 16, 5, 15, 2, 13, 7, 4, 9, 8, 12, 20, 19]
Number of items (m): 20
Number of labels (q): 6
Graph: Level: 0, Label: Cand1, Items: [1, 2, 3, 4], Children: [Cand2, Cand3, Cand4, Cand5]
Level: 1, Label: Cand2, Items: [5, 6, 7, 8], Children: []
Level: 1, Label: Cand3, Items: [11, 12, 9, 10], Children: []
Level: 1, Label: Cand4, Items: [13, 14, 15, 16], Children: []
Level: 1, Label: Cand5, Items: [17, 18, 19, 20], Children: []

Algorithm: Lifted Top Matching
Run multithread: true
Numbr of threads: 8
Optimizations: [Early prunning, Shared modals]
Probabilities: {0.5=0.9993199470019853}
Start Time: Wed Nov 01 01:23:46 IST 2017
End Time: Wed Nov 01 01:24:05 IST 2017
Total Time: 19600 MS

Nov 01, 2017 1:24:05 AM experiments.MultiThreadExperiment runExperiment
INFO: Adding a new Stats row to the stats file of Lifted Top Matching algorithm, query-id 1
Nov 01, 2017 1:24:05 AM experiments.MultiThreadExperiment runExperiments
INFO: Running experiment 18 out of 130 (0.138462 %)
Nov 01, 2017 1:24:05 AM experiments.MultiThreadExperiment runExperiment
INFO: Runnning experiment with Lifted Top Matching algorithm for scenrio-id 33, number of threads 10
Nov 01, 2017 1:24:05 AM experiments.MultiThreadExperiment runExperiment
INFO: Running inference
Nov 01, 2017 1:24:05 AM liftedtopmatching.LiftedTopMatchingAlgorithm calculateProbability
INFO: Generating initial deltas
Nov 01, 2017 1:24:05 AM liftedtopmatching.LiftedTopMatchingAlgorithm calculateProbability
INFO: Calculating probability over 24 deltas
Nov 01, 2017 1:24:05 AM liftedtopmatching.LiftedTopMatchingAlgorithm calculateProbability
INFO: Multithread is true. Running with 10 threads
Nov 01, 2017 1:24:24 AM liftedtopmatching.LiftedTopMatchingAlgorithm calculateProbability
INFO: Done calculating the probability
Section description: Inference over scenrio-id 33, query-id 1
Original ranking: [10, 11, 14, 17, 18, 1, 6, 3, 16, 5, 15, 2, 13, 7, 4, 9, 8, 12, 20, 19]
Number of items (m): 20
Number of labels (q): 6
Graph: Level: 0, Label: Cand1, Items: [1, 2, 3, 4], Children: [Cand2, Cand3, Cand4, Cand5]
Level: 1, Label: Cand2, Items: [5, 6, 7, 8], Children: []
Level: 1, Label: Cand3, Items: [11, 12, 9, 10], Children: []
Level: 1, Label: Cand4, Items: [13, 14, 15, 16], Children: []
Level: 1, Label: Cand5, Items: [17, 18, 19, 20], Children: []

Algorithm: Lifted Top Matching
Run multithread: true
Numbr of threads: 10
Optimizations: [Early prunning, Shared modals]
Probabilities: {0.5=0.9993199470019983}
Start Time: Wed Nov 01 01:24:05 IST 2017
End Time: Wed Nov 01 01:24:24 IST 2017
Total Time: 18354 MS

Nov 01, 2017 1:24:24 AM experiments.MultiThreadExperiment runExperiment
INFO: Adding a new Stats row to the stats file of Lifted Top Matching algorithm, query-id 1
Nov 01, 2017 1:24:24 AM experiments.MultiThreadExperiment runExperiments
INFO: Running experiment 19 out of 130 (0.146154 %)
Nov 01, 2017 1:24:24 AM experiments.MultiThreadExperiment runExperiment
INFO: Runnning experiment with Lifted Top Matching algorithm for scenrio-id 33, number of threads 12
Nov 01, 2017 1:24:24 AM experiments.MultiThreadExperiment runExperiment
INFO: Running inference
Nov 01, 2017 1:24:24 AM liftedtopmatching.LiftedTopMatchingAlgorithm calculateProbability
INFO: Generating initial deltas
Nov 01, 2017 1:24:24 AM liftedtopmatching.LiftedTopMatchingAlgorithm calculateProbability
INFO: Calculating probability over 24 deltas
Nov 01, 2017 1:24:24 AM liftedtopmatching.LiftedTopMatchingAlgorithm calculateProbability
INFO: Multithread is true. Running with 12 threads
Nov 01, 2017 1:24:37 AM liftedtopmatching.LiftedTopMatchingAlgorithm calculateProbability
INFO: Done calculating the probability
Section description: Inference over scenrio-id 33, query-id 1
Original ranking: [10, 11, 14, 17, 18, 1, 6, 3, 16, 5, 15, 2, 13, 7, 4, 9, 8, 12, 20, 19]
Number of items (m): 20
Number of labels (q): 6
Graph: Level: 0, Label: Cand1, Items: [1, 2, 3, 4], Children: [Cand2, Cand3, Cand4, Cand5]
Level: 1, Label: Cand2, Items: [5, 6, 7, 8], Children: []
Level: 1, Label: Cand3, Items: [11, 12, 9, 10], Children: []
Level: 1, Label: Cand4, Items: [13, 14, 15, 16], Children: []
Level: 1, Label: Cand5, Items: [17, 18, 19, 20], Children: []

Algorithm: Lifted Top Matching
Run multithread: true
Numbr of threads: 12
Optimizations: [Early prunning, Shared modals]
Probabilities: {0.5=0.9993199470019853}
Start Time: Wed Nov 01 01:24:24 IST 2017
End Time: Wed Nov 01 01:24:37 IST 2017
Total Time: 13925 MS

Nov 01, 2017 1:24:37 AM experiments.MultiThreadExperiment runExperiment
INFO: Adding a new Stats row to the stats file of Lifted Top Matching algorithm, query-id 1
Nov 01, 2017 1:24:37 AM experiments.MultiThreadExperiment runExperiments
INFO: Running experiment 20 out of 130 (0.153846 %)
Nov 01, 2017 1:24:37 AM experiments.MultiThreadExperiment runExperiment
INFO: Runnning experiment with Lifted Top Matching algorithm for scenrio-id 33, number of threads 14
Nov 01, 2017 1:24:37 AM experiments.MultiThreadExperiment runExperiment
INFO: Running inference
Nov 01, 2017 1:24:37 AM liftedtopmatching.LiftedTopMatchingAlgorithm calculateProbability
INFO: Generating initial deltas
Nov 01, 2017 1:24:38 AM liftedtopmatching.LiftedTopMatchingAlgorithm calculateProbability
INFO: Calculating probability over 24 deltas
Nov 01, 2017 1:24:38 AM liftedtopmatching.LiftedTopMatchingAlgorithm calculateProbability
INFO: Multithread is true. Running with 14 threads
Nov 01, 2017 1:24:53 AM liftedtopmatching.LiftedTopMatchingAlgorithm calculateProbability
INFO: Done calculating the probability
Section description: Inference over scenrio-id 33, query-id 1
Original ranking: [10, 11, 14, 17, 18, 1, 6, 3, 16, 5, 15, 2, 13, 7, 4, 9, 8, 12, 20, 19]
Number of items (m): 20
Number of labels (q): 6
Graph: Level: 0, Label: Cand1, Items: [1, 2, 3, 4], Children: [Cand2, Cand3, Cand4, Cand5]
Level: 1, Label: Cand2, Items: [5, 6, 7, 8], Children: []
Level: 1, Label: Cand3, Items: [11, 12, 9, 10], Children: []
Level: 1, Label: Cand4, Items: [13, 14, 15, 16], Children: []
Level: 1, Label: Cand5, Items: [17, 18, 19, 20], Children: []

Algorithm: Lifted Top Matching
Run multithread: true
Numbr of threads: 14
Optimizations: [Early prunning, Shared modals]
Probabilities: {0.5=0.9993199470019913}
Start Time: Wed Nov 01 01:24:37 IST 2017
End Time: Wed Nov 01 01:24:53 IST 2017
Total Time: 15190 MS

Nov 01, 2017 1:24:53 AM experiments.MultiThreadExperiment runExperiment
INFO: Adding a new Stats row to the stats file of Lifted Top Matching algorithm, query-id 1
Nov 01, 2017 1:24:53 AM experiments.MultiThreadExperiment runExperiments
INFO: Running experiment 21 out of 130 (0.161538 %)
Nov 01, 2017 1:24:53 AM experiments.MultiThreadExperiment runExperiment
INFO: Runnning experiment with Lifted Top Matching algorithm for scenrio-id 33, number of threads 16
Nov 01, 2017 1:24:53 AM experiments.MultiThreadExperiment runExperiment
INFO: Running inference
Nov 01, 2017 1:24:53 AM liftedtopmatching.LiftedTopMatchingAlgorithm calculateProbability
INFO: Generating initial deltas
Nov 01, 2017 1:24:53 AM liftedtopmatching.LiftedTopMatchingAlgorithm calculateProbability
INFO: Calculating probability over 24 deltas
Nov 01, 2017 1:24:53 AM liftedtopmatching.LiftedTopMatchingAlgorithm calculateProbability
INFO: Multithread is true. Running with 16 threads
Nov 01, 2017 1:25:07 AM liftedtopmatching.LiftedTopMatchingAlgorithm calculateProbability
INFO: Done calculating the probability
Section description: Inference over scenrio-id 33, query-id 1
Original ranking: [10, 11, 14, 17, 18, 1, 6, 3, 16, 5, 15, 2, 13, 7, 4, 9, 8, 12, 20, 19]
Number of items (m): 20
Number of labels (q): 6
Graph: Level: 0, Label: Cand1, Items: [1, 2, 3, 4], Children: [Cand2, Cand3, Cand4, Cand5]
Level: 1, Label: Cand2, Items: [5, 6, 7, 8], Children: []
Level: 1, Label: Cand3, Items: [11, 12, 9, 10], Children: []
Level: 1, Label: Cand4, Items: [13, 14, 15, 16], Children: []
Level: 1, Label: Cand5, Items: [17, 18, 19, 20], Children: []

Algorithm: Lifted Top Matching
Run multithread: true
Numbr of threads: 16
Optimizations: [Early prunning, Shared modals]
Probabilities: {0.5=0.9993199470019929}
Start Time: Wed Nov 01 01:24:53 IST 2017
End Time: Wed Nov 01 01:25:07 IST 2017
Total Time: 14372 MS

Nov 01, 2017 1:25:07 AM experiments.MultiThreadExperiment runExperiment
INFO: Adding a new Stats row to the stats file of Lifted Top Matching algorithm, query-id 1
Nov 01, 2017 1:25:07 AM experiments.MultiThreadExperiment runExperiments
INFO: Running experiment 22 out of 130 (0.169231 %)
Nov 01, 2017 1:25:07 AM experiments.MultiThreadExperiment runExperiment
INFO: Runnning experiment with Lifted Top Matching algorithm for scenrio-id 33, number of threads 18
Nov 01, 2017 1:25:07 AM experiments.MultiThreadExperiment runExperiment
INFO: Running inference
Nov 01, 2017 1:25:07 AM liftedtopmatching.LiftedTopMatchingAlgorithm calculateProbability
INFO: Generating initial deltas
Nov 01, 2017 1:25:07 AM liftedtopmatching.LiftedTopMatchingAlgorithm calculateProbability
INFO: Calculating probability over 24 deltas
Nov 01, 2017 1:25:07 AM liftedtopmatching.LiftedTopMatchingAlgorithm calculateProbability
INFO: Multithread is true. Running with 18 threads
Nov 01, 2017 1:25:21 AM liftedtopmatching.LiftedTopMatchingAlgorithm calculateProbability
INFO: Done calculating the probability
Section description: Inference over scenrio-id 33, query-id 1
Original ranking: [10, 11, 14, 17, 18, 1, 6, 3, 16, 5, 15, 2, 13, 7, 4, 9, 8, 12, 20, 19]
Number of items (m): 20
Number of labels (q): 6
Graph: Level: 0, Label: Cand1, Items: [1, 2, 3, 4], Children: [Cand2, Cand3, Cand4, Cand5]
Level: 1, Label: Cand2, Items: [5, 6, 7, 8], Children: []
Level: 1, Label: Cand3, Items: [11, 12, 9, 10], Children: []
Level: 1, Label: Cand4, Items: [13, 14, 15, 16], Children: []
Level: 1, Label: Cand5, Items: [17, 18, 19, 20], Children: []

Algorithm: Lifted Top Matching
Run multithread: true
Numbr of threads: 18
Optimizations: [Early prunning, Shared modals]
Probabilities: {0.5=0.999319947002008}
Start Time: Wed Nov 01 01:25:07 IST 2017
End Time: Wed Nov 01 01:25:21 IST 2017
Total Time: 14276 MS

Nov 01, 2017 1:25:21 AM experiments.MultiThreadExperiment runExperiment
INFO: Adding a new Stats row to the stats file of Lifted Top Matching algorithm, query-id 1
Nov 01, 2017 1:25:21 AM experiments.MultiThreadExperiment runExperiments
INFO: Running experiment 23 out of 130 (0.176923 %)
Nov 01, 2017 1:25:21 AM experiments.MultiThreadExperiment runExperiment
INFO: Runnning experiment with Lifted Top Matching algorithm for scenrio-id 33, number of threads 20
Nov 01, 2017 1:25:21 AM experiments.MultiThreadExperiment runExperiment
INFO: Running inference
Nov 01, 2017 1:25:21 AM liftedtopmatching.LiftedTopMatchingAlgorithm calculateProbability
INFO: Generating initial deltas
Nov 01, 2017 1:25:21 AM liftedtopmatching.LiftedTopMatchingAlgorithm calculateProbability
INFO: Calculating probability over 24 deltas
Nov 01, 2017 1:25:21 AM liftedtopmatching.LiftedTopMatchingAlgorithm calculateProbability
INFO: Multithread is true. Running with 20 threads
Nov 01, 2017 1:25:36 AM liftedtopmatching.LiftedTopMatchingAlgorithm calculateProbability
INFO: Done calculating the probability
Section description: Inference over scenrio-id 33, query-id 1
Original ranking: [10, 11, 14, 17, 18, 1, 6, 3, 16, 5, 15, 2, 13, 7, 4, 9, 8, 12, 20, 19]
Number of items (m): 20
Number of labels (q): 6
Graph: Level: 0, Label: Cand1, Items: [1, 2, 3, 4], Children: [Cand2, Cand3, Cand4, Cand5]
Level: 1, Label: Cand2, Items: [5, 6, 7, 8], Children: []
Level: 1, Label: Cand3, Items: [11, 12, 9, 10], Children: []
Level: 1, Label: Cand4, Items: [13, 14, 15, 16], Children: []
Level: 1, Label: Cand5, Items: [17, 18, 19, 20], Children: []

Algorithm: Lifted Top Matching
Run multithread: true
Numbr of threads: 20
Optimizations: [Early prunning, Shared modals]
Probabilities: {0.5=0.9993199470020123}
Start Time: Wed Nov 01 01:25:21 IST 2017
End Time: Wed Nov 01 01:25:36 IST 2017
Total Time: 14609 MS

Nov 01, 2017 1:25:36 AM experiments.MultiThreadExperiment runExperiment
INFO: Adding a new Stats row to the stats file of Lifted Top Matching algorithm, query-id 1
Nov 01, 2017 1:25:36 AM experiments.MultiThreadExperiment runExperiments
INFO: Running experiment 24 out of 130 (0.184615 %)
Nov 01, 2017 1:25:36 AM experiments.MultiThreadExperiment runExperiment
INFO: Runnning experiment with Lifted Top Matching algorithm for scenrio-id 33, number of threads 22
Nov 01, 2017 1:25:36 AM experiments.MultiThreadExperiment runExperiment
INFO: Running inference
Nov 01, 2017 1:25:36 AM liftedtopmatching.LiftedTopMatchingAlgorithm calculateProbability
INFO: Generating initial deltas
Nov 01, 2017 1:25:36 AM liftedtopmatching.LiftedTopMatchingAlgorithm calculateProbability
INFO: Calculating probability over 24 deltas
Nov 01, 2017 1:25:36 AM liftedtopmatching.LiftedTopMatchingAlgorithm calculateProbability
INFO: Multithread is true. Running with 22 threads
Nov 01, 2017 1:25:50 AM liftedtopmatching.LiftedTopMatchingAlgorithm calculateProbability
INFO: Done calculating the probability
Section description: Inference over scenrio-id 33, query-id 1
Original ranking: [10, 11, 14, 17, 18, 1, 6, 3, 16, 5, 15, 2, 13, 7, 4, 9, 8, 12, 20, 19]
Number of items (m): 20
Number of labels (q): 6
Graph: Level: 0, Label: Cand1, Items: [1, 2, 3, 4], Children: [Cand2, Cand3, Cand4, Cand5]
Level: 1, Label: Cand2, Items: [5, 6, 7, 8], Children: []
Level: 1, Label: Cand3, Items: [11, 12, 9, 10], Children: []
Level: 1, Label: Cand4, Items: [13, 14, 15, 16], Children: []
Level: 1, Label: Cand5, Items: [17, 18, 19, 20], Children: []

Algorithm: Lifted Top Matching
Run multithread: true
Numbr of threads: 22
Optimizations: [Early prunning, Shared modals]
Probabilities: {0.5=0.999319947002003}
Start Time: Wed Nov 01 01:25:36 IST 2017
End Time: Wed Nov 01 01:25:50 IST 2017
Total Time: 14522 MS

Nov 01, 2017 1:25:50 AM experiments.MultiThreadExperiment runExperiment
INFO: Adding a new Stats row to the stats file of Lifted Top Matching algorithm, query-id 1
Nov 01, 2017 1:25:50 AM experiments.MultiThreadExperiment runExperiments
INFO: Running experiment 25 out of 130 (0.192308 %)
Nov 01, 2017 1:25:50 AM experiments.MultiThreadExperiment runExperiment
INFO: Runnning experiment with Lifted Top Matching algorithm for scenrio-id 33, number of threads 24
Nov 01, 2017 1:25:50 AM experiments.MultiThreadExperiment runExperiment
INFO: Running inference
Nov 01, 2017 1:25:50 AM liftedtopmatching.LiftedTopMatchingAlgorithm calculateProbability
INFO: Generating initial deltas
Nov 01, 2017 1:25:51 AM liftedtopmatching.LiftedTopMatchingAlgorithm calculateProbability
INFO: Calculating probability over 24 deltas
Nov 01, 2017 1:25:51 AM liftedtopmatching.LiftedTopMatchingAlgorithm calculateProbability
INFO: Multithread is true. Running with 24 threads
Nov 01, 2017 1:26:02 AM liftedtopmatching.LiftedTopMatchingAlgorithm calculateProbability
INFO: Done calculating the probability
Section description: Inference over scenrio-id 33, query-id 1
Original ranking: [10, 11, 14, 17, 18, 1, 6, 3, 16, 5, 15, 2, 13, 7, 4, 9, 8, 12, 20, 19]
Number of items (m): 20
Number of labels (q): 6
Graph: Level: 0, Label: Cand1, Items: [1, 2, 3, 4], Children: [Cand2, Cand3, Cand4, Cand5]
Level: 1, Label: Cand2, Items: [5, 6, 7, 8], Children: []
Level: 1, Label: Cand3, Items: [11, 12, 9, 10], Children: []
Level: 1, Label: Cand4, Items: [13, 14, 15, 16], Children: []
Level: 1, Label: Cand5, Items: [17, 18, 19, 20], Children: []

Algorithm: Lifted Top Matching
Run multithread: true
Numbr of threads: 24
Optimizations: [Early prunning, Shared modals]
Probabilities: {0.5=0.9993199470020072}
Start Time: Wed Nov 01 01:25:50 IST 2017
End Time: Wed Nov 01 01:26:02 IST 2017
Total Time: 11482 MS

Nov 01, 2017 1:26:02 AM experiments.MultiThreadExperiment runExperiment
INFO: Adding a new Stats row to the stats file of Lifted Top Matching algorithm, query-id 1
Nov 01, 2017 1:26:02 AM experiments.MultiThreadExperiment runExperiments
INFO: Running experiment 26 out of 130 (0.200000 %)
Nov 01, 2017 1:26:02 AM experiments.MultiThreadExperiment runExperiment
INFO: Runnning experiment with Lifted Top Matching algorithm for scenrio-id 34, number of threads 1
Nov 01, 2017 1:26:02 AM experiments.MultiThreadExperiment runExperiment
INFO: Running inference
Nov 01, 2017 1:26:02 AM liftedtopmatching.LiftedTopMatchingAlgorithm calculateProbability
INFO: Generating initial deltas
Nov 01, 2017 1:26:02 AM liftedtopmatching.LiftedTopMatchingAlgorithm calculateProbability
INFO: Calculating probability over 27 deltas
Nov 01, 2017 1:26:02 AM liftedtopmatching.LiftedTopMatchingAlgorithm calculateProbability
INFO: Multithread is false
Nov 01, 2017 1:26:02 AM liftedtopmatching.LiftedTopMatchingAlgorithm calculateProbabilityForSubsetOfDeltas
INFO: Calculating probability over 27 deltas
Nov 01, 2017 1:26:02 AM liftedtopmatching.LiftedTopMatchingAlgorithm calculateProbabilityForSubsetOfDeltas
INFO: Done with 1 out of 20 items
Nov 01, 2017 1:26:02 AM liftedtopmatching.LiftedTopMatchingAlgorithm calculateProbabilityForSubsetOfDeltas
INFO: Calculating probability over 153 deltas
Nov 01, 2017 1:26:02 AM liftedtopmatching.LiftedTopMatchingAlgorithm calculateProbabilityForSubsetOfDeltas
INFO: Done with 2 out of 20 items
Nov 01, 2017 1:26:02 AM liftedtopmatching.LiftedTopMatchingAlgorithm calculateProbabilityForSubsetOfDeltas
INFO: Calculating probability over 749 deltas
Nov 01, 2017 1:26:02 AM liftedtopmatching.LiftedTopMatchingAlgorithm calculateProbabilityForSubsetOfDeltas
INFO: Done with 3 out of 20 items
Nov 01, 2017 1:26:02 AM liftedtopmatching.LiftedTopMatchingAlgorithm calculateProbabilityForSubsetOfDeltas
INFO: Calculating probability over 2925 deltas
Nov 01, 2017 1:26:03 AM liftedtopmatching.LiftedTopMatchingAlgorithm calculateProbabilityForSubsetOfDeltas
INFO: Done with 4 out of 20 items
Nov 01, 2017 1:26:03 AM liftedtopmatching.LiftedTopMatchingAlgorithm calculateProbabilityForSubsetOfDeltas
INFO: Calculating probability over 8274 deltas
Nov 01, 2017 1:26:03 AM liftedtopmatching.LiftedTopMatchingAlgorithm calculateProbabilityForSubsetOfDeltas
INFO: Done with 5 out of 20 items
Nov 01, 2017 1:26:03 AM liftedtopmatching.LiftedTopMatchingAlgorithm calculateProbabilityForSubsetOfDeltas
INFO: Calculating probability over 18350 deltas
Nov 01, 2017 1:26:03 AM liftedtopmatching.LiftedTopMatchingAlgorithm calculateProbabilityForSubsetOfDeltas
INFO: Done with 6 out of 20 items
Nov 01, 2017 1:26:03 AM liftedtopmatching.LiftedTopMatchingAlgorithm calculateProbabilityForSubsetOfDeltas
INFO: Calculating probability over 57181 deltas
Nov 01, 2017 1:26:05 AM liftedtopmatching.LiftedTopMatchingAlgorithm calculateProbabilityForSubsetOfDeltas
INFO: Done with 7 out of 20 items
Nov 01, 2017 1:26:05 AM liftedtopmatching.LiftedTopMatchingAlgorithm calculateProbabilityForSubsetOfDeltas
INFO: Calculating probability over 116338 deltas
Nov 01, 2017 1:26:08 AM liftedtopmatching.LiftedTopMatchingAlgorithm calculateProbabilityForSubsetOfDeltas
INFO: Done with 8 out of 20 items
Nov 01, 2017 1:26:08 AM liftedtopmatching.LiftedTopMatchingAlgorithm calculateProbabilityForSubsetOfDeltas
INFO: Calculating probability over 239492 deltas
Nov 01, 2017 1:26:14 AM liftedtopmatching.LiftedTopMatchingAlgorithm calculateProbabilityForSubsetOfDeltas
INFO: Done with 9 out of 20 items
Nov 01, 2017 1:26:14 AM liftedtopmatching.LiftedTopMatchingAlgorithm calculateProbabilityForSubsetOfDeltas
INFO: Calculating probability over 824314 deltas
