Oct 29, 2017 5:04:19 PM experiments.MultiThreadExperiment main
INFO: Starting invoking the experiment
Oct 29, 2017 5:04:19 PM experiments.MultiThreadExperiment main
INFO: Reading input file to grab experiments data
Oct 29, 2017 5:04:19 PM experiments.MultiThreadExperiment main
INFO: Reading exisiting output files to mark done experiments
Oct 29, 2017 5:04:19 PM experiments.MultiThreadExperiment main
INFO: Running experiment for Lifted Top Matching
Oct 29, 2017 5:04:19 PM experiments.MultiThreadExperiment runExperiments
INFO: Running experiment 0 out of 390 (0.000000 %)
Oct 29, 2017 5:04:19 PM experiments.MultiThreadExperiment runExperiment
INFO: Runnning experiment with Lifted Top Matching algorithm for scenrio-id 1, number of threads 1
Oct 29, 2017 5:04:19 PM experiments.MultiThreadExperiment runExperiment
INFO: Running inference
Oct 29, 2017 5:04:19 PM liftedtopmatching.LiftedTopMatchingAlgorithm calculateProbability
INFO: Generating initial deltas
Oct 29, 2017 5:04:19 PM liftedtopmatching.LiftedTopMatchingAlgorithm calculateProbability
INFO: Calculating probability over 7 deltas
Oct 29, 2017 5:04:19 PM liftedtopmatching.LiftedTopMatchingAlgorithm calculateProbability
INFO: Multithread is false
Oct 29, 2017 5:04:19 PM liftedtopmatching.LiftedTopMatchingAlgorithm calculateProbabilityForSubsetOfDeltas
INFO: Calculating probability over 7 deltas
Oct 29, 2017 5:04:19 PM liftedtopmatching.LiftedTopMatchingAlgorithm calculateProbabilityForSubsetOfDeltas
INFO: Done with 1 out of 20 items
Oct 29, 2017 5:04:19 PM liftedtopmatching.LiftedTopMatchingAlgorithm calculateProbabilityForSubsetOfDeltas
INFO: Calculating probability over 39 deltas
Oct 29, 2017 5:04:19 PM liftedtopmatching.LiftedTopMatchingAlgorithm calculateProbabilityForSubsetOfDeltas
INFO: Done with 2 out of 20 items
Oct 29, 2017 5:04:19 PM liftedtopmatching.LiftedTopMatchingAlgorithm calculateProbabilityForSubsetOfDeltas
INFO: Calculating probability over 176 deltas
Oct 29, 2017 5:04:19 PM liftedtopmatching.LiftedTopMatchingAlgorithm calculateProbabilityForSubsetOfDeltas
INFO: Done with 3 out of 20 items
Oct 29, 2017 5:04:19 PM liftedtopmatching.LiftedTopMatchingAlgorithm calculateProbabilityForSubsetOfDeltas
INFO: Calculating probability over 675 deltas
Oct 29, 2017 5:04:19 PM liftedtopmatching.LiftedTopMatchingAlgorithm calculateProbabilityForSubsetOfDeltas
INFO: Done with 4 out of 20 items
Oct 29, 2017 5:04:19 PM liftedtopmatching.LiftedTopMatchingAlgorithm calculateProbabilityForSubsetOfDeltas
INFO: Calculating probability over 1750 deltas
Oct 29, 2017 5:04:19 PM liftedtopmatching.LiftedTopMatchingAlgorithm calculateProbabilityForSubsetOfDeltas
INFO: Done with 5 out of 20 items
Oct 29, 2017 5:04:19 PM liftedtopmatching.LiftedTopMatchingAlgorithm calculateProbabilityForSubsetOfDeltas
INFO: Calculating probability over 3847 deltas
Oct 29, 2017 5:04:19 PM liftedtopmatching.LiftedTopMatchingAlgorithm calculateProbabilityForSubsetOfDeltas
INFO: Done with 6 out of 20 items
Oct 29, 2017 5:04:19 PM liftedtopmatching.LiftedTopMatchingAlgorithm calculateProbabilityForSubsetOfDeltas
INFO: Calculating probability over 7561 deltas
Oct 29, 2017 5:04:20 PM liftedtopmatching.LiftedTopMatchingAlgorithm calculateProbabilityForSubsetOfDeltas
INFO: Done with 7 out of 20 items
Oct 29, 2017 5:04:20 PM liftedtopmatching.LiftedTopMatchingAlgorithm calculateProbabilityForSubsetOfDeltas
INFO: Calculating probability over 20995 deltas
Oct 29, 2017 5:04:20 PM liftedtopmatching.LiftedTopMatchingAlgorithm calculateProbabilityForSubsetOfDeltas
INFO: Done with 8 out of 20 items
Oct 29, 2017 5:04:20 PM liftedtopmatching.LiftedTopMatchingAlgorithm calculateProbabilityForSubsetOfDeltas
INFO: Calculating probability over 36618 deltas
Oct 29, 2017 5:04:21 PM liftedtopmatching.LiftedTopMatchingAlgorithm calculateProbabilityForSubsetOfDeltas
INFO: Done with 9 out of 20 items
Oct 29, 2017 5:04:21 PM liftedtopmatching.LiftedTopMatchingAlgorithm calculateProbabilityForSubsetOfDeltas
INFO: Calculating probability over 94357 deltas
Oct 29, 2017 5:04:25 PM liftedtopmatching.LiftedTopMatchingAlgorithm calculateProbabilityForSubsetOfDeltas
INFO: Done with 10 out of 20 items
Oct 29, 2017 5:04:25 PM liftedtopmatching.LiftedTopMatchingAlgorithm calculateProbabilityForSubsetOfDeltas
INFO: Calculating probability over 152074 deltas
Oct 29, 2017 5:04:31 PM liftedtopmatching.LiftedTopMatchingAlgorithm calculateProbabilityForSubsetOfDeltas
INFO: Done with 11 out of 20 items
Oct 29, 2017 5:04:31 PM liftedtopmatching.LiftedTopMatchingAlgorithm calculateProbabilityForSubsetOfDeltas
INFO: Calculating probability over 232921 deltas
Oct 29, 2017 5:04:39 PM liftedtopmatching.LiftedTopMatchingAlgorithm calculateProbabilityForSubsetOfDeltas
INFO: Done with 12 out of 20 items
Oct 29, 2017 5:04:39 PM liftedtopmatching.LiftedTopMatchingAlgorithm calculateProbabilityForSubsetOfDeltas
INFO: Calculating probability over 342986 deltas
Oct 29, 2017 5:04:45 PM liftedtopmatching.LiftedTopMatchingAlgorithm calculateProbabilityForSubsetOfDeltas
INFO: Done with 13 out of 20 items
Oct 29, 2017 5:04:45 PM liftedtopmatching.LiftedTopMatchingAlgorithm calculateProbabilityForSubsetOfDeltas
INFO: Calculating probability over 319691 deltas
Oct 29, 2017 5:04:48 PM liftedtopmatching.LiftedTopMatchingAlgorithm calculateProbabilityForSubsetOfDeltas
INFO: Done with 14 out of 20 items
Oct 29, 2017 5:04:48 PM liftedtopmatching.LiftedTopMatchingAlgorithm calculateProbabilityForSubsetOfDeltas
INFO: Calculating probability over 120569 deltas
Oct 29, 2017 5:04:49 PM liftedtopmatching.LiftedTopMatchingAlgorithm calculateProbabilityForSubsetOfDeltas
INFO: Done with 15 out of 20 items
Oct 29, 2017 5:04:49 PM liftedtopmatching.LiftedTopMatchingAlgorithm calculateProbabilityForSubsetOfDeltas
INFO: Calculating probability over 120569 deltas
Oct 29, 2017 5:04:51 PM liftedtopmatching.LiftedTopMatchingAlgorithm calculateProbabilityForSubsetOfDeltas
INFO: Done with 16 out of 20 items
Oct 29, 2017 5:04:51 PM liftedtopmatching.LiftedTopMatchingAlgorithm calculateProbabilityForSubsetOfDeltas
INFO: Calculating probability over 71310 deltas
Oct 29, 2017 5:04:54 PM liftedtopmatching.LiftedTopMatchingAlgorithm calculateProbabilityForSubsetOfDeltas
INFO: Done with 17 out of 20 items
Oct 29, 2017 5:04:54 PM liftedtopmatching.LiftedTopMatchingAlgorithm calculateProbabilityForSubsetOfDeltas
INFO: Calculating probability over 100514 deltas
Oct 29, 2017 5:04:59 PM liftedtopmatching.LiftedTopMatchingAlgorithm calculateProbabilityForSubsetOfDeltas
INFO: Done with 18 out of 20 items
Oct 29, 2017 5:04:59 PM liftedtopmatching.LiftedTopMatchingAlgorithm calculateProbabilityForSubsetOfDeltas
INFO: Calculating probability over 138390 deltas
Oct 29, 2017 5:05:06 PM liftedtopmatching.LiftedTopMatchingAlgorithm calculateProbabilityForSubsetOfDeltas
INFO: Done with 19 out of 20 items
Oct 29, 2017 5:05:06 PM liftedtopmatching.LiftedTopMatchingAlgorithm calculateProbabilityForSubsetOfDeltas
INFO: Calculating probability over 186730 deltas
Oct 29, 2017 5:05:09 PM liftedtopmatching.LiftedTopMatchingAlgorithm calculateProbabilityForSubsetOfDeltas
INFO: Done with 20 out of 20 items
Oct 29, 2017 5:05:09 PM liftedtopmatching.LiftedTopMatchingAlgorithm calculateProbabilityForSubsetOfDeltas
INFO: Calculating probability over 106498 deltas
Oct 29, 2017 5:05:09 PM liftedtopmatching.LiftedTopMatchingAlgorithm calculateProbability
INFO: Done calculating the probability
Section description: Inference over scenrio-id 1, query-id 1
Original ranking: [10, 11, 14, 17, 18, 1, 6, 3, 16, 5, 15, 2, 13, 7, 4, 9, 8, 12, 20, 19]
Number of items (m): 20
Number of labels (q): 5
Graph: Level: 0, Label: Cand1, Items: [2, 15, 19, 10], Children: [Cand3, Cand4]
Level: 0, Label: Cand2, Items: [13, 16, 6, 7], Children: [Cand4]
Level: 1, Label: Cand3, Items: [4], Children: []
Level: 1, Label: Cand4, Items: [13, 16], Children: [Cand5]
Level: 2, Label: Cand5, Items: [14, 9], Children: []

Algorithm: Lifted Top Matching
Run multithread: false
Optimizations: [Early prunning, Shared modals]
Probabilities: {}
Start Time: Sun Oct 29 17:04:19 IST 2017
End Time: Sun Oct 29 17:05:09 IST 2017
Total Time: 50029 MS

Oct 29, 2017 5:05:09 PM experiments.MultiThreadExperiment runExperiment
INFO: Adding a new Stats row to the stats file of Lifted Top Matching algorithm, query-id 1
Oct 29, 2017 5:05:09 PM experiments.MultiThreadExperiment runExperiments
INFO: Running experiment 1 out of 390 (0.002564 %)
Oct 29, 2017 5:05:09 PM experiments.MultiThreadExperiment runExperiment
INFO: Runnning experiment with Lifted Top Matching algorithm for scenrio-id 1, number of threads 2
Oct 29, 2017 5:05:09 PM experiments.MultiThreadExperiment runExperiment
INFO: Running inference
Oct 29, 2017 5:05:09 PM liftedtopmatching.LiftedTopMatchingAlgorithm calculateProbability
INFO: Generating initial deltas
Oct 29, 2017 5:05:09 PM liftedtopmatching.LiftedTopMatchingAlgorithm calculateProbability
INFO: Calculating probability over 7 deltas
Oct 29, 2017 5:05:09 PM liftedtopmatching.LiftedTopMatchingAlgorithm calculateProbability
INFO: Multithread is true. Running with 2 threads
Oct 29, 2017 5:05:35 PM liftedtopmatching.LiftedTopMatchingAlgorithm calculateProbability
INFO: Done calculating the probability
Section description: Inference over scenrio-id 1, query-id 1
Original ranking: [10, 11, 14, 17, 18, 1, 6, 3, 16, 5, 15, 2, 13, 7, 4, 9, 8, 12, 20, 19]
Number of items (m): 20
Number of labels (q): 5
Graph: Level: 0, Label: Cand1, Items: [2, 15, 19, 10], Children: [Cand3, Cand4]
Level: 0, Label: Cand2, Items: [13, 16, 6, 7], Children: [Cand4]
Level: 1, Label: Cand3, Items: [4], Children: []
Level: 1, Label: Cand4, Items: [13, 16], Children: [Cand5]
Level: 2, Label: Cand5, Items: [14, 9], Children: []

Algorithm: Lifted Top Matching
Run multithread: true
Numbr of threads: 2
Optimizations: [Early prunning, Shared modals]
Probabilities: {}
Start Time: Sun Oct 29 17:05:09 IST 2017
End Time: Sun Oct 29 17:05:35 IST 2017
Total Time: 26297 MS

Oct 29, 2017 5:05:35 PM experiments.MultiThreadExperiment runExperiment
INFO: Adding a new Stats row to the stats file of Lifted Top Matching algorithm, query-id 1
Oct 29, 2017 5:05:35 PM experiments.MultiThreadExperiment runExperiments
INFO: Running experiment 2 out of 390 (0.005128 %)
Oct 29, 2017 5:05:35 PM experiments.MultiThreadExperiment runExperiment
INFO: Runnning experiment with Lifted Top Matching algorithm for scenrio-id 1, number of threads 4
Oct 29, 2017 5:05:35 PM experiments.MultiThreadExperiment runExperiment
INFO: Running inference
Oct 29, 2017 5:05:35 PM liftedtopmatching.LiftedTopMatchingAlgorithm calculateProbability
INFO: Generating initial deltas
Oct 29, 2017 5:05:35 PM liftedtopmatching.LiftedTopMatchingAlgorithm calculateProbability
INFO: Calculating probability over 7 deltas
Oct 29, 2017 5:05:35 PM liftedtopmatching.LiftedTopMatchingAlgorithm calculateProbability
INFO: Multithread is true. Running with 4 threads
Oct 29, 2017 5:05:49 PM liftedtopmatching.LiftedTopMatchingAlgorithm calculateProbability
INFO: Done calculating the probability
Section description: Inference over scenrio-id 1, query-id 1
Original ranking: [10, 11, 14, 17, 18, 1, 6, 3, 16, 5, 15, 2, 13, 7, 4, 9, 8, 12, 20, 19]
Number of items (m): 20
Number of labels (q): 5
Graph: Level: 0, Label: Cand1, Items: [2, 15, 19, 10], Children: [Cand3, Cand4]
Level: 0, Label: Cand2, Items: [13, 16, 6, 7], Children: [Cand4]
Level: 1, Label: Cand3, Items: [4], Children: []
Level: 1, Label: Cand4, Items: [13, 16], Children: [Cand5]
Level: 2, Label: Cand5, Items: [14, 9], Children: []

Algorithm: Lifted Top Matching
Run multithread: true
Numbr of threads: 4
Optimizations: [Early prunning, Shared modals]
Probabilities: {}
Start Time: Sun Oct 29 17:05:35 IST 2017
End Time: Sun Oct 29 17:05:49 IST 2017
Total Time: 13685 MS

Oct 29, 2017 5:05:49 PM experiments.MultiThreadExperiment runExperiment
INFO: Adding a new Stats row to the stats file of Lifted Top Matching algorithm, query-id 1
Oct 29, 2017 5:05:49 PM experiments.MultiThreadExperiment runExperiments
INFO: Running experiment 3 out of 390 (0.007692 %)
Oct 29, 2017 5:05:49 PM experiments.MultiThreadExperiment runExperiment
INFO: Runnning experiment with Lifted Top Matching algorithm for scenrio-id 1, number of threads 6
Oct 29, 2017 5:05:49 PM experiments.MultiThreadExperiment runExperiment
INFO: Running inference
Oct 29, 2017 5:05:49 PM liftedtopmatching.LiftedTopMatchingAlgorithm calculateProbability
INFO: Generating initial deltas
Oct 29, 2017 5:05:49 PM liftedtopmatching.LiftedTopMatchingAlgorithm calculateProbability
INFO: Calculating probability over 7 deltas
Oct 29, 2017 5:05:49 PM liftedtopmatching.LiftedTopMatchingAlgorithm calculateProbability
INFO: Multithread is true. Running with 6 threads
Oct 29, 2017 5:06:02 PM liftedtopmatching.LiftedTopMatchingAlgorithm calculateProbability
INFO: Done calculating the probability
Section description: Inference over scenrio-id 1, query-id 1
Original ranking: [10, 11, 14, 17, 18, 1, 6, 3, 16, 5, 15, 2, 13, 7, 4, 9, 8, 12, 20, 19]
Number of items (m): 20
Number of labels (q): 5
Graph: Level: 0, Label: Cand1, Items: [2, 15, 19, 10], Children: [Cand3, Cand4]
Level: 0, Label: Cand2, Items: [13, 16, 6, 7], Children: [Cand4]
Level: 1, Label: Cand3, Items: [4], Children: []
Level: 1, Label: Cand4, Items: [13, 16], Children: [Cand5]
Level: 2, Label: Cand5, Items: [14, 9], Children: []

Algorithm: Lifted Top Matching
Run multithread: true
Numbr of threads: 6
Optimizations: [Early prunning, Shared modals]
Probabilities: {}
Start Time: Sun Oct 29 17:05:49 IST 2017
End Time: Sun Oct 29 17:06:02 IST 2017
Total Time: 13379 MS

Oct 29, 2017 5:06:02 PM experiments.MultiThreadExperiment runExperiment
INFO: Adding a new Stats row to the stats file of Lifted Top Matching algorithm, query-id 1
Oct 29, 2017 5:06:02 PM experiments.MultiThreadExperiment runExperiments
INFO: Running experiment 4 out of 390 (0.010256 %)
Oct 29, 2017 5:06:02 PM experiments.MultiThreadExperiment runExperiment
INFO: Runnning experiment with Lifted Top Matching algorithm for scenrio-id 1, number of threads 8
Oct 29, 2017 5:06:02 PM experiments.MultiThreadExperiment runExperiment
INFO: Running inference
Oct 29, 2017 5:06:02 PM liftedtopmatching.LiftedTopMatchingAlgorithm calculateProbability
INFO: Generating initial deltas
Oct 29, 2017 5:06:02 PM liftedtopmatching.LiftedTopMatchingAlgorithm calculateProbability
INFO: Calculating probability over 7 deltas
Oct 29, 2017 5:06:02 PM liftedtopmatching.LiftedTopMatchingAlgorithm calculateProbability
INFO: Multithread is true. Running with 8 threads
Oct 29, 2017 5:06:10 PM liftedtopmatching.LiftedTopMatchingAlgorithm calculateProbability
INFO: Done calculating the probability
Section description: Inference over scenrio-id 1, query-id 1
Original ranking: [10, 11, 14, 17, 18, 1, 6, 3, 16, 5, 15, 2, 13, 7, 4, 9, 8, 12, 20, 19]
Number of items (m): 20
Number of labels (q): 5
Graph: Level: 0, Label: Cand1, Items: [2, 15, 19, 10], Children: [Cand3, Cand4]
Level: 0, Label: Cand2, Items: [13, 16, 6, 7], Children: [Cand4]
Level: 1, Label: Cand3, Items: [4], Children: []
Level: 1, Label: Cand4, Items: [13, 16], Children: [Cand5]
Level: 2, Label: Cand5, Items: [14, 9], Children: []

Algorithm: Lifted Top Matching
Run multithread: true
Numbr of threads: 8
Optimizations: [Early prunning, Shared modals]
Probabilities: {}
Start Time: Sun Oct 29 17:06:02 IST 2017
End Time: Sun Oct 29 17:06:10 IST 2017
Total Time: 7333 MS

Oct 29, 2017 5:06:10 PM experiments.MultiThreadExperiment runExperiment
INFO: Adding a new Stats row to the stats file of Lifted Top Matching algorithm, query-id 1
Oct 29, 2017 5:06:10 PM experiments.MultiThreadExperiment runExperiments
INFO: Running experiment 5 out of 390 (0.012821 %)
Oct 29, 2017 5:06:10 PM experiments.MultiThreadExperiment runExperiment
INFO: Runnning experiment with Lifted Top Matching algorithm for scenrio-id 1, number of threads 10
Oct 29, 2017 5:06:10 PM experiments.MultiThreadExperiment runExperiment
INFO: Running inference
Oct 29, 2017 5:06:10 PM liftedtopmatching.LiftedTopMatchingAlgorithm calculateProbability
INFO: Generating initial deltas
Oct 29, 2017 5:06:10 PM liftedtopmatching.LiftedTopMatchingAlgorithm calculateProbability
INFO: Calculating probability over 7 deltas
Oct 29, 2017 5:06:10 PM liftedtopmatching.LiftedTopMatchingAlgorithm calculateProbability
INFO: Multithread is true. Running with 10 threads
