Oct 29, 2017 4:40:44 PM experiments.MultiThreadExperiment main
INFO: Starting invoking the experiment
Oct 29, 2017 4:40:44 PM experiments.MultiThreadExperiment main
INFO: Reading input file to grab experiments data
Oct 29, 2017 4:40:45 PM experiments.MultiThreadExperiment main
INFO: Reading exisiting output files to mark done experiments
Oct 29, 2017 4:40:45 PM experiments.MultiThreadExperiment main
INFO: Running experiment for Lifted Top Matching
Oct 29, 2017 4:40:45 PM experiments.MultiThreadExperiment runExperiments
INFO: Running experiment 168 out of 390 (0.430769 %)
Oct 29, 2017 4:40:45 PM experiments.MultiThreadExperiment runExperiment
INFO: Runnning experiment with Lifted Top Matching algorithm for scenrio-id 13, number of threads 24
Oct 29, 2017 4:40:45 PM experiments.MultiThreadExperiment runExperiment
INFO: Running inference
Oct 29, 2017 4:40:45 PM liftedtopmatching.LiftedTopMatchingAlgorithm calculateProbability
INFO: Generating initial deltas
Oct 29, 2017 4:40:45 PM liftedtopmatching.LiftedTopMatchingAlgorithm calculateProbability
INFO: Calculating probability over 16 deltas
Oct 29, 2017 4:40:45 PM liftedtopmatching.LiftedTopMatchingAlgorithm calculateProbability
INFO: Multithread is true. Running with 24 threads
Oct 29, 2017 4:40:55 PM liftedtopmatching.LiftedTopMatchingAlgorithm calculateProbability
INFO: Done calculating the probability
Section description: Inference over scenrio-id 13, query-id 2
Original ranking: [10, 11, 14, 17, 18, 1, 6, 3, 16, 5, 15, 2, 13, 7, 4, 9, 8, 12, 20, 19]
Number of items (m): 20
Number of labels (q): 5
Graph: Level: 0, Label: Cand1, Items: [16, 6, 10], Children: [Cand3, Cand4]
Level: 0, Label: Cand2, Items: [11, 13, 4, 5, 16, 18], Children: [Cand4]
Level: 1, Label: Cand3, Items: [1, 3, 9], Children: []
Level: 1, Label: Cand4, Items: [1, 13, 5, 16, 6, 7, 10], Children: [Cand5]
Level: 2, Label: Cand5, Items: [14, 17, 9], Children: []

Algorithm: Lifted Top Matching
Run multithread: true
Numbr of threads: 24
Optimizations: [Early prunning, Shared modals]
Probabilities: {0.5=0.999099117608574}
Start Time: Sun Oct 29 16:40:45 IST 2017
End Time: Sun Oct 29 16:40:55 IST 2017
Total Time: 10658 MS

Oct 29, 2017 4:40:55 PM experiments.MultiThreadExperiment runExperiment
INFO: Adding a new Stats row to the stats file of Lifted Top Matching algorithm, query-id 2
Oct 29, 2017 4:40:55 PM experiments.MultiThreadExperiment runExperiments
INFO: Running experiment 169 out of 390 (0.433333 %)
Oct 29, 2017 4:40:55 PM experiments.MultiThreadExperiment runExperiment
INFO: Runnning experiment with Lifted Top Matching algorithm for scenrio-id 14, number of threads 1
Oct 29, 2017 4:40:55 PM experiments.MultiThreadExperiment runExperiment
INFO: Running inference
Oct 29, 2017 4:40:55 PM liftedtopmatching.LiftedTopMatchingAlgorithm calculateProbability
INFO: Generating initial deltas
Oct 29, 2017 4:40:55 PM liftedtopmatching.LiftedTopMatchingAlgorithm calculateProbability
INFO: Calculating probability over 16 deltas
Oct 29, 2017 4:40:55 PM liftedtopmatching.LiftedTopMatchingAlgorithm calculateProbability
INFO: Multithread is false
Oct 29, 2017 4:40:55 PM liftedtopmatching.LiftedTopMatchingAlgorithm calculateProbabilityForSubsetOfDeltas
INFO: Calculating probability over 16 deltas
Oct 29, 2017 4:40:55 PM liftedtopmatching.LiftedTopMatchingAlgorithm calculateProbabilityForSubsetOfDeltas
INFO: Done with 1 out of 20 items
Oct 29, 2017 4:40:55 PM liftedtopmatching.LiftedTopMatchingAlgorithm calculateProbabilityForSubsetOfDeltas
INFO: Calculating probability over 79 deltas
Oct 29, 2017 4:40:55 PM liftedtopmatching.LiftedTopMatchingAlgorithm calculateProbabilityForSubsetOfDeltas
INFO: Done with 2 out of 20 items
Oct 29, 2017 4:40:55 PM liftedtopmatching.LiftedTopMatchingAlgorithm calculateProbabilityForSubsetOfDeltas
INFO: Calculating probability over 321 deltas
Oct 29, 2017 4:40:55 PM liftedtopmatching.LiftedTopMatchingAlgorithm calculateProbabilityForSubsetOfDeltas
INFO: Done with 3 out of 20 items
Oct 29, 2017 4:40:55 PM liftedtopmatching.LiftedTopMatchingAlgorithm calculateProbabilityForSubsetOfDeltas
INFO: Calculating probability over 884 deltas
Oct 29, 2017 4:40:55 PM liftedtopmatching.LiftedTopMatchingAlgorithm calculateProbabilityForSubsetOfDeltas
INFO: Done with 4 out of 20 items
Oct 29, 2017 4:40:55 PM liftedtopmatching.LiftedTopMatchingAlgorithm calculateProbabilityForSubsetOfDeltas
INFO: Calculating probability over 2001 deltas
Oct 29, 2017 4:40:56 PM liftedtopmatching.LiftedTopMatchingAlgorithm calculateProbabilityForSubsetOfDeltas
INFO: Done with 5 out of 20 items
Oct 29, 2017 4:40:56 PM liftedtopmatching.LiftedTopMatchingAlgorithm calculateProbabilityForSubsetOfDeltas
INFO: Calculating probability over 3994 deltas
Oct 29, 2017 4:40:56 PM liftedtopmatching.LiftedTopMatchingAlgorithm calculateProbabilityForSubsetOfDeltas
INFO: Done with 6 out of 20 items
Oct 29, 2017 4:40:56 PM liftedtopmatching.LiftedTopMatchingAlgorithm calculateProbabilityForSubsetOfDeltas
INFO: Calculating probability over 10052 deltas
Oct 29, 2017 4:40:56 PM liftedtopmatching.LiftedTopMatchingAlgorithm calculateProbabilityForSubsetOfDeltas
INFO: Done with 7 out of 20 items
Oct 29, 2017 4:40:56 PM liftedtopmatching.LiftedTopMatchingAlgorithm calculateProbabilityForSubsetOfDeltas
INFO: Calculating probability over 17441 deltas
Oct 29, 2017 4:40:56 PM liftedtopmatching.LiftedTopMatchingAlgorithm calculateProbabilityForSubsetOfDeltas
INFO: Done with 8 out of 20 items
Oct 29, 2017 4:40:56 PM liftedtopmatching.LiftedTopMatchingAlgorithm calculateProbabilityForSubsetOfDeltas
INFO: Calculating probability over 43703 deltas
Oct 29, 2017 4:40:58 PM liftedtopmatching.LiftedTopMatchingAlgorithm calculateProbabilityForSubsetOfDeltas
INFO: Done with 9 out of 20 items
Oct 29, 2017 4:40:58 PM liftedtopmatching.LiftedTopMatchingAlgorithm calculateProbabilityForSubsetOfDeltas
INFO: Calculating probability over 71343 deltas
Oct 29, 2017 4:41:00 PM liftedtopmatching.LiftedTopMatchingAlgorithm calculateProbabilityForSubsetOfDeltas
INFO: Done with 10 out of 20 items
Oct 29, 2017 4:41:00 PM liftedtopmatching.LiftedTopMatchingAlgorithm calculateProbabilityForSubsetOfDeltas
INFO: Calculating probability over 178142 deltas
Oct 29, 2017 4:41:05 PM liftedtopmatching.LiftedTopMatchingAlgorithm calculateProbabilityForSubsetOfDeltas
INFO: Done with 11 out of 20 items
Oct 29, 2017 4:41:05 PM liftedtopmatching.LiftedTopMatchingAlgorithm calculateProbabilityForSubsetOfDeltas
INFO: Calculating probability over 265605 deltas
Oct 29, 2017 4:41:12 PM liftedtopmatching.LiftedTopMatchingAlgorithm calculateProbabilityForSubsetOfDeltas
INFO: Done with 12 out of 20 items
Oct 29, 2017 4:41:12 PM liftedtopmatching.LiftedTopMatchingAlgorithm calculateProbabilityForSubsetOfDeltas
INFO: Calculating probability over 499332 deltas
Oct 29, 2017 4:41:22 PM liftedtopmatching.LiftedTopMatchingAlgorithm calculateProbabilityForSubsetOfDeltas
INFO: Done with 13 out of 20 items
Oct 29, 2017 4:41:22 PM liftedtopmatching.LiftedTopMatchingAlgorithm calculateProbabilityForSubsetOfDeltas
INFO: Calculating probability over 854209 deltas
