Nov 01, 2017 12:54:08 AM experiments.MultiThreadExperiment main
INFO: Starting invoking the experiment
Nov 01, 2017 12:54:08 AM experiments.MultiThreadExperiment main
INFO: Reading input file to grab experiments data
Nov 01, 2017 12:54:08 AM experiments.MultiThreadExperiment main
INFO: Reading exisiting output files to mark done experiments
Nov 01, 2017 12:54:08 AM experiments.MultiThreadExperiment main
INFO: Running experiment for Lifted Top Matching
Nov 01, 2017 12:54:08 AM experiments.MultiThreadExperiment runExperiments
INFO: Running experiment 13 out of 130 (0.100000 %)
Nov 01, 2017 12:54:08 AM experiments.MultiThreadExperiment runExperiment
INFO: Runnning experiment with Lifted Top Matching algorithm for scenrio-id 33, number of threads 1
Nov 01, 2017 12:54:08 AM experiments.MultiThreadExperiment runExperiment
INFO: Running inference
Nov 01, 2017 12:54:08 AM liftedtopmatching.LiftedTopMatchingAlgorithm calculateProbability
INFO: Generating initial deltas
Nov 01, 2017 12:54:08 AM liftedtopmatching.LiftedTopMatchingAlgorithm calculateProbability
INFO: Calculating probability over 16 deltas
Nov 01, 2017 12:54:08 AM liftedtopmatching.LiftedTopMatchingAlgorithm calculateProbability
INFO: Multithread is false
Nov 01, 2017 12:54:08 AM liftedtopmatching.LiftedTopMatchingAlgorithm calculateProbabilityForSubsetOfDeltas
INFO: Calculating probability over 16 deltas
Nov 01, 2017 12:54:08 AM liftedtopmatching.LiftedTopMatchingAlgorithm calculateProbabilityForSubsetOfDeltas
INFO: Done with 1 out of 20 items
Nov 01, 2017 12:54:08 AM liftedtopmatching.LiftedTopMatchingAlgorithm calculateProbabilityForSubsetOfDeltas
INFO: Calculating probability over 111 deltas
Nov 01, 2017 12:54:08 AM liftedtopmatching.LiftedTopMatchingAlgorithm calculateProbabilityForSubsetOfDeltas
INFO: Done with 2 out of 20 items
Nov 01, 2017 12:54:08 AM liftedtopmatching.LiftedTopMatchingAlgorithm calculateProbabilityForSubsetOfDeltas
INFO: Calculating probability over 500 deltas
Nov 01, 2017 12:54:08 AM liftedtopmatching.LiftedTopMatchingAlgorithm calculateProbabilityForSubsetOfDeltas
INFO: Done with 3 out of 20 items
Nov 01, 2017 12:54:08 AM liftedtopmatching.LiftedTopMatchingAlgorithm calculateProbabilityForSubsetOfDeltas
INFO: Calculating probability over 1815 deltas
Nov 01, 2017 12:54:08 AM liftedtopmatching.LiftedTopMatchingAlgorithm calculateProbabilityForSubsetOfDeltas
INFO: Done with 4 out of 20 items
Nov 01, 2017 12:54:08 AM liftedtopmatching.LiftedTopMatchingAlgorithm calculateProbabilityForSubsetOfDeltas
INFO: Calculating probability over 5089 deltas
Nov 01, 2017 12:54:09 AM liftedtopmatching.LiftedTopMatchingAlgorithm calculateProbabilityForSubsetOfDeltas
INFO: Done with 5 out of 20 items
Nov 01, 2017 12:54:09 AM liftedtopmatching.LiftedTopMatchingAlgorithm calculateProbabilityForSubsetOfDeltas
INFO: Calculating probability over 12106 deltas
Nov 01, 2017 12:54:09 AM liftedtopmatching.LiftedTopMatchingAlgorithm calculateProbabilityForSubsetOfDeltas
INFO: Done with 6 out of 20 items
Nov 01, 2017 12:54:09 AM liftedtopmatching.LiftedTopMatchingAlgorithm calculateProbabilityForSubsetOfDeltas
INFO: Calculating probability over 37482 deltas
Nov 01, 2017 12:54:11 AM liftedtopmatching.LiftedTopMatchingAlgorithm calculateProbabilityForSubsetOfDeltas
INFO: Done with 7 out of 20 items
Nov 01, 2017 12:54:11 AM liftedtopmatching.LiftedTopMatchingAlgorithm calculateProbabilityForSubsetOfDeltas
INFO: Calculating probability over 112206 deltas
Nov 01, 2017 12:54:12 AM liftedtopmatching.LiftedTopMatchingAlgorithm calculateProbabilityForSubsetOfDeltas
INFO: Done with 8 out of 20 items
Nov 01, 2017 12:54:12 AM liftedtopmatching.LiftedTopMatchingAlgorithm calculateProbabilityForSubsetOfDeltas
INFO: Calculating probability over 125896 deltas
Nov 01, 2017 12:54:16 AM liftedtopmatching.LiftedTopMatchingAlgorithm calculateProbabilityForSubsetOfDeltas
INFO: Done with 9 out of 20 items
Nov 01, 2017 12:54:16 AM liftedtopmatching.LiftedTopMatchingAlgorithm calculateProbabilityForSubsetOfDeltas
INFO: Calculating probability over 152266 deltas
Nov 01, 2017 12:54:22 AM liftedtopmatching.LiftedTopMatchingAlgorithm calculateProbabilityForSubsetOfDeltas
INFO: Done with 10 out of 20 items
Nov 01, 2017 12:54:22 AM liftedtopmatching.LiftedTopMatchingAlgorithm calculateProbabilityForSubsetOfDeltas
INFO: Calculating probability over 420037 deltas
Nov 01, 2017 12:54:36 AM liftedtopmatching.LiftedTopMatchingAlgorithm calculateProbabilityForSubsetOfDeltas
INFO: Done with 11 out of 20 items
Nov 01, 2017 12:54:36 AM liftedtopmatching.LiftedTopMatchingAlgorithm calculateProbabilityForSubsetOfDeltas
INFO: Calculating probability over 713376 deltas
Nov 01, 2017 12:55:02 AM liftedtopmatching.LiftedTopMatchingAlgorithm calculateProbabilityForSubsetOfDeltas
INFO: Done with 12 out of 20 items
Nov 01, 2017 12:55:02 AM liftedtopmatching.LiftedTopMatchingAlgorithm calculateProbabilityForSubsetOfDeltas
INFO: Calculating probability over 1135332 deltas
Nov 01, 2017 12:55:52 AM liftedtopmatching.LiftedTopMatchingAlgorithm calculateProbabilityForSubsetOfDeltas
INFO: Done with 13 out of 20 items
Nov 01, 2017 12:55:52 AM liftedtopmatching.LiftedTopMatchingAlgorithm calculateProbabilityForSubsetOfDeltas
INFO: Calculating probability over 1932995 deltas
Nov 01, 2017 12:57:26 AM liftedtopmatching.LiftedTopMatchingAlgorithm calculateProbabilityForSubsetOfDeltas
INFO: Done with 14 out of 20 items
Nov 01, 2017 12:57:26 AM liftedtopmatching.LiftedTopMatchingAlgorithm calculateProbabilityForSubsetOfDeltas
INFO: Calculating probability over 2953713 deltas
Nov 01, 2017 12:58:38 AM liftedtopmatching.LiftedTopMatchingAlgorithm calculateProbabilityForSubsetOfDeltas
INFO: Done with 15 out of 20 items
Nov 01, 2017 12:58:38 AM liftedtopmatching.LiftedTopMatchingAlgorithm calculateProbabilityForSubsetOfDeltas
INFO: Calculating probability over 1804606 deltas
Nov 01, 2017 12:59:13 AM liftedtopmatching.LiftedTopMatchingAlgorithm calculateProbabilityForSubsetOfDeltas
INFO: Done with 16 out of 20 items
Nov 01, 2017 12:59:13 AM liftedtopmatching.LiftedTopMatchingAlgorithm calculateProbabilityForSubsetOfDeltas
INFO: Calculating probability over 1097246 deltas
Nov 01, 2017 1:00:04 AM liftedtopmatching.LiftedTopMatchingAlgorithm calculateProbabilityForSubsetOfDeltas
INFO: Done with 17 out of 20 items
Nov 01, 2017 1:00:04 AM liftedtopmatching.LiftedTopMatchingAlgorithm calculateProbabilityForSubsetOfDeltas
INFO: Calculating probability over 1585272 deltas
Nov 01, 2017 1:00:56 AM liftedtopmatching.LiftedTopMatchingAlgorithm calculateProbabilityForSubsetOfDeltas
INFO: Done with 18 out of 20 items
Nov 01, 2017 1:00:56 AM liftedtopmatching.LiftedTopMatchingAlgorithm calculateProbabilityForSubsetOfDeltas
INFO: Calculating probability over 3056153 deltas
Nov 01, 2017 1:01:55 AM liftedtopmatching.LiftedTopMatchingAlgorithm calculateProbabilityForSubsetOfDeltas
INFO: Done with 19 out of 20 items
Nov 01, 2017 1:01:55 AM liftedtopmatching.LiftedTopMatchingAlgorithm calculateProbabilityForSubsetOfDeltas
INFO: Calculating probability over 1498403 deltas
Nov 01, 2017 1:02:11 AM liftedtopmatching.LiftedTopMatchingAlgorithm calculateProbabilityForSubsetOfDeltas
INFO: Done with 20 out of 20 items
Nov 01, 2017 1:02:11 AM liftedtopmatching.LiftedTopMatchingAlgorithm calculateProbabilityForSubsetOfDeltas
INFO: Calculating probability over 559313 deltas
Nov 01, 2017 1:02:12 AM liftedtopmatching.LiftedTopMatchingAlgorithm calculateProbability
INFO: Done calculating the probability
Section description: Inference over scenrio-id 33, query-id 4
Original ranking: [10, 12, 19, 20, 8, 3, 6, 11, 15, 14, 16, 13, 1, 17, 7, 2, 18, 4, 9, 5]
Number of items (m): 20
Number of labels (q): 6
Graph: Level: 0, Label: Cand1, Items: [11, 1, 12, 4, 5, 17, 18], Children: [Cand3]
Level: 0, Label: Cand2, Items: [13, 16, 6, 7], Children: [Cand3, Cand5]
Level: 1, Label: Cand3, Items: [4, 5], Children: [Cand4]
Level: 2, Label: Cand4, Items: [2, 13, 3, 16], Children: []
Level: 1, Label: Cand5, Items: [14, 9], Children: [Cand6]
Level: 2, Label: Cand6, Items: [11, 12], Children: []

Algorithm: Lifted Top Matching
Run multithread: false
Optimizations: [Early prunning, Shared modals]
Probabilities: {0.5=0.04929766797937043}
Start Time: Wed Nov 01 00:54:08 IST 2017
End Time: Wed Nov 01 01:02:12 IST 2017
Total Time: 483524 MS

Nov 01, 2017 1:02:12 AM experiments.MultiThreadExperiment runExperiment
INFO: Adding a new Stats row to the stats file of Lifted Top Matching algorithm, query-id 4
Nov 01, 2017 1:02:12 AM experiments.MultiThreadExperiment runExperiments
INFO: Running experiment 14 out of 130 (0.107692 %)
Nov 01, 2017 1:02:12 AM experiments.MultiThreadExperiment runExperiment
INFO: Runnning experiment with Lifted Top Matching algorithm for scenrio-id 33, number of threads 2
Nov 01, 2017 1:02:12 AM experiments.MultiThreadExperiment runExperiment
INFO: Running inference
Nov 01, 2017 1:02:12 AM liftedtopmatching.LiftedTopMatchingAlgorithm calculateProbability
INFO: Generating initial deltas
Nov 01, 2017 1:02:12 AM liftedtopmatching.LiftedTopMatchingAlgorithm calculateProbability
INFO: Calculating probability over 16 deltas
Nov 01, 2017 1:02:12 AM liftedtopmatching.LiftedTopMatchingAlgorithm calculateProbability
INFO: Multithread is true. Running with 2 threads
Nov 01, 2017 1:05:48 AM liftedtopmatching.LiftedTopMatchingAlgorithm calculateProbability
INFO: Done calculating the probability
Section description: Inference over scenrio-id 33, query-id 4
Original ranking: [10, 12, 19, 20, 8, 3, 6, 11, 15, 14, 16, 13, 1, 17, 7, 2, 18, 4, 9, 5]
Number of items (m): 20
Number of labels (q): 6
Graph: Level: 0, Label: Cand1, Items: [11, 1, 12, 4, 5, 17, 18], Children: [Cand3]
Level: 0, Label: Cand2, Items: [13, 16, 6, 7], Children: [Cand3, Cand5]
Level: 1, Label: Cand3, Items: [4, 5], Children: [Cand4]
Level: 2, Label: Cand4, Items: [2, 13, 3, 16], Children: []
Level: 1, Label: Cand5, Items: [14, 9], Children: [Cand6]
Level: 2, Label: Cand6, Items: [11, 12], Children: []

Algorithm: Lifted Top Matching
Run multithread: true
Numbr of threads: 2
Optimizations: [Early prunning, Shared modals]
Probabilities: {0.5=0.04929766797937132}
Start Time: Wed Nov 01 01:02:12 IST 2017
End Time: Wed Nov 01 01:05:48 IST 2017
Total Time: 215986 MS

Nov 01, 2017 1:05:48 AM experiments.MultiThreadExperiment runExperiment
INFO: Adding a new Stats row to the stats file of Lifted Top Matching algorithm, query-id 4
Nov 01, 2017 1:05:48 AM experiments.MultiThreadExperiment runExperiments
INFO: Running experiment 15 out of 130 (0.115385 %)
Nov 01, 2017 1:05:48 AM experiments.MultiThreadExperiment runExperiment
INFO: Runnning experiment with Lifted Top Matching algorithm for scenrio-id 33, number of threads 4
Nov 01, 2017 1:05:48 AM experiments.MultiThreadExperiment runExperiment
INFO: Running inference
Nov 01, 2017 1:05:48 AM liftedtopmatching.LiftedTopMatchingAlgorithm calculateProbability
INFO: Generating initial deltas
Nov 01, 2017 1:05:48 AM liftedtopmatching.LiftedTopMatchingAlgorithm calculateProbability
INFO: Calculating probability over 16 deltas
Nov 01, 2017 1:05:48 AM liftedtopmatching.LiftedTopMatchingAlgorithm calculateProbability
INFO: Multithread is true. Running with 4 threads
Nov 01, 2017 1:07:42 AM liftedtopmatching.LiftedTopMatchingAlgorithm calculateProbability
INFO: Done calculating the probability
Section description: Inference over scenrio-id 33, query-id 4
Original ranking: [10, 12, 19, 20, 8, 3, 6, 11, 15, 14, 16, 13, 1, 17, 7, 2, 18, 4, 9, 5]
Number of items (m): 20
Number of labels (q): 6
Graph: Level: 0, Label: Cand1, Items: [11, 1, 12, 4, 5, 17, 18], Children: [Cand3]
Level: 0, Label: Cand2, Items: [13, 16, 6, 7], Children: [Cand3, Cand5]
Level: 1, Label: Cand3, Items: [4, 5], Children: [Cand4]
Level: 2, Label: Cand4, Items: [2, 13, 3, 16], Children: []
Level: 1, Label: Cand5, Items: [14, 9], Children: [Cand6]
Level: 2, Label: Cand6, Items: [11, 12], Children: []

Algorithm: Lifted Top Matching
Run multithread: true
Numbr of threads: 4
Optimizations: [Early prunning, Shared modals]
Probabilities: {0.5=0.04929766797937133}
Start Time: Wed Nov 01 01:05:48 IST 2017
End Time: Wed Nov 01 01:07:42 IST 2017
Total Time: 114667 MS

Nov 01, 2017 1:07:42 AM experiments.MultiThreadExperiment runExperiment
INFO: Adding a new Stats row to the stats file of Lifted Top Matching algorithm, query-id 4
Nov 01, 2017 1:07:42 AM experiments.MultiThreadExperiment runExperiments
INFO: Running experiment 16 out of 130 (0.123077 %)
Nov 01, 2017 1:07:42 AM experiments.MultiThreadExperiment runExperiment
INFO: Runnning experiment with Lifted Top Matching algorithm for scenrio-id 33, number of threads 6
Nov 01, 2017 1:07:42 AM experiments.MultiThreadExperiment runExperiment
INFO: Running inference
Nov 01, 2017 1:07:42 AM liftedtopmatching.LiftedTopMatchingAlgorithm calculateProbability
INFO: Generating initial deltas
Nov 01, 2017 1:07:42 AM liftedtopmatching.LiftedTopMatchingAlgorithm calculateProbability
INFO: Calculating probability over 16 deltas
Nov 01, 2017 1:07:42 AM liftedtopmatching.LiftedTopMatchingAlgorithm calculateProbability
INFO: Multithread is true. Running with 6 threads
Nov 01, 2017 1:09:15 AM liftedtopmatching.LiftedTopMatchingAlgorithm calculateProbability
INFO: Done calculating the probability
Section description: Inference over scenrio-id 33, query-id 4
Original ranking: [10, 12, 19, 20, 8, 3, 6, 11, 15, 14, 16, 13, 1, 17, 7, 2, 18, 4, 9, 5]
Number of items (m): 20
Number of labels (q): 6
Graph: Level: 0, Label: Cand1, Items: [11, 1, 12, 4, 5, 17, 18], Children: [Cand3]
Level: 0, Label: Cand2, Items: [13, 16, 6, 7], Children: [Cand3, Cand5]
Level: 1, Label: Cand3, Items: [4, 5], Children: [Cand4]
Level: 2, Label: Cand4, Items: [2, 13, 3, 16], Children: []
Level: 1, Label: Cand5, Items: [14, 9], Children: [Cand6]
Level: 2, Label: Cand6, Items: [11, 12], Children: []

Algorithm: Lifted Top Matching
Run multithread: true
Numbr of threads: 6
Optimizations: [Early prunning, Shared modals]
Probabilities: {0.5=0.04929766797937132}
Start Time: Wed Nov 01 01:07:42 IST 2017
End Time: Wed Nov 01 01:09:15 IST 2017
Total Time: 93075 MS

Nov 01, 2017 1:09:15 AM experiments.MultiThreadExperiment runExperiment
INFO: Adding a new Stats row to the stats file of Lifted Top Matching algorithm, query-id 4
Nov 01, 2017 1:09:15 AM experiments.MultiThreadExperiment runExperiments
INFO: Running experiment 17 out of 130 (0.130769 %)
Nov 01, 2017 1:09:15 AM experiments.MultiThreadExperiment runExperiment
INFO: Runnning experiment with Lifted Top Matching algorithm for scenrio-id 33, number of threads 8
Nov 01, 2017 1:09:15 AM experiments.MultiThreadExperiment runExperiment
INFO: Running inference
Nov 01, 2017 1:09:15 AM liftedtopmatching.LiftedTopMatchingAlgorithm calculateProbability
INFO: Generating initial deltas
Nov 01, 2017 1:09:15 AM liftedtopmatching.LiftedTopMatchingAlgorithm calculateProbability
INFO: Calculating probability over 16 deltas
Nov 01, 2017 1:09:15 AM liftedtopmatching.LiftedTopMatchingAlgorithm calculateProbability
INFO: Multithread is true. Running with 8 threads
Nov 01, 2017 1:10:26 AM liftedtopmatching.LiftedTopMatchingAlgorithm calculateProbability
INFO: Done calculating the probability
Section description: Inference over scenrio-id 33, query-id 4
Original ranking: [10, 12, 19, 20, 8, 3, 6, 11, 15, 14, 16, 13, 1, 17, 7, 2, 18, 4, 9, 5]
Number of items (m): 20
Number of labels (q): 6
Graph: Level: 0, Label: Cand1, Items: [11, 1, 12, 4, 5, 17, 18], Children: [Cand3]
Level: 0, Label: Cand2, Items: [13, 16, 6, 7], Children: [Cand3, Cand5]
Level: 1, Label: Cand3, Items: [4, 5], Children: [Cand4]
Level: 2, Label: Cand4, Items: [2, 13, 3, 16], Children: []
Level: 1, Label: Cand5, Items: [14, 9], Children: [Cand6]
Level: 2, Label: Cand6, Items: [11, 12], Children: []

Algorithm: Lifted Top Matching
Run multithread: true
Numbr of threads: 8
Optimizations: [Early prunning, Shared modals]
Probabilities: {0.5=0.049297667979371}
Start Time: Wed Nov 01 01:09:15 IST 2017
End Time: Wed Nov 01 01:10:26 IST 2017
Total Time: 70599 MS

Nov 01, 2017 1:10:26 AM experiments.MultiThreadExperiment runExperiment
INFO: Adding a new Stats row to the stats file of Lifted Top Matching algorithm, query-id 4
Nov 01, 2017 1:10:26 AM experiments.MultiThreadExperiment runExperiments
INFO: Running experiment 18 out of 130 (0.138462 %)
Nov 01, 2017 1:10:26 AM experiments.MultiThreadExperiment runExperiment
INFO: Runnning experiment with Lifted Top Matching algorithm for scenrio-id 33, number of threads 10
Nov 01, 2017 1:10:26 AM experiments.MultiThreadExperiment runExperiment
INFO: Running inference
Nov 01, 2017 1:10:26 AM liftedtopmatching.LiftedTopMatchingAlgorithm calculateProbability
INFO: Generating initial deltas
Nov 01, 2017 1:10:26 AM liftedtopmatching.LiftedTopMatchingAlgorithm calculateProbability
INFO: Calculating probability over 16 deltas
Nov 01, 2017 1:10:26 AM liftedtopmatching.LiftedTopMatchingAlgorithm calculateProbability
INFO: Multithread is true. Running with 10 threads
Nov 01, 2017 1:11:34 AM liftedtopmatching.LiftedTopMatchingAlgorithm calculateProbability
INFO: Done calculating the probability
Section description: Inference over scenrio-id 33, query-id 4
Original ranking: [10, 12, 19, 20, 8, 3, 6, 11, 15, 14, 16, 13, 1, 17, 7, 2, 18, 4, 9, 5]
Number of items (m): 20
Number of labels (q): 6
Graph: Level: 0, Label: Cand1, Items: [11, 1, 12, 4, 5, 17, 18], Children: [Cand3]
Level: 0, Label: Cand2, Items: [13, 16, 6, 7], Children: [Cand3, Cand5]
Level: 1, Label: Cand3, Items: [4, 5], Children: [Cand4]
Level: 2, Label: Cand4, Items: [2, 13, 3, 16], Children: []
Level: 1, Label: Cand5, Items: [14, 9], Children: [Cand6]
Level: 2, Label: Cand6, Items: [11, 12], Children: []

Algorithm: Lifted Top Matching
Run multithread: true
Numbr of threads: 10
Optimizations: [Early prunning, Shared modals]
Probabilities: {0.5=0.04929766797937038}
Start Time: Wed Nov 01 01:10:26 IST 2017
End Time: Wed Nov 01 01:11:34 IST 2017
Total Time: 67932 MS

Nov 01, 2017 1:11:34 AM experiments.MultiThreadExperiment runExperiment
INFO: Adding a new Stats row to the stats file of Lifted Top Matching algorithm, query-id 4
Nov 01, 2017 1:11:34 AM experiments.MultiThreadExperiment runExperiments
INFO: Running experiment 19 out of 130 (0.146154 %)
Nov 01, 2017 1:11:34 AM experiments.MultiThreadExperiment runExperiment
INFO: Runnning experiment with Lifted Top Matching algorithm for scenrio-id 33, number of threads 12
Nov 01, 2017 1:11:34 AM experiments.MultiThreadExperiment runExperiment
INFO: Running inference
Nov 01, 2017 1:11:34 AM liftedtopmatching.LiftedTopMatchingAlgorithm calculateProbability
INFO: Generating initial deltas
Nov 01, 2017 1:11:34 AM liftedtopmatching.LiftedTopMatchingAlgorithm calculateProbability
INFO: Calculating probability over 16 deltas
Nov 01, 2017 1:11:34 AM liftedtopmatching.LiftedTopMatchingAlgorithm calculateProbability
INFO: Multithread is true. Running with 12 threads
