Nov 01, 2017 1:29:03 AM experiments.MultiThreadExperiment main
INFO: Starting invoking the experiment
Nov 01, 2017 1:29:03 AM experiments.MultiThreadExperiment main
INFO: Reading input file to grab experiments data
Nov 01, 2017 1:29:03 AM experiments.MultiThreadExperiment main
INFO: Reading exisiting output files to mark done experiments
Nov 01, 2017 1:29:03 AM experiments.MultiThreadExperiment main
INFO: Running experiment for Lifted Top Matching
Nov 01, 2017 1:29:03 AM experiments.MultiThreadExperiment runExperiments
INFO: Running experiment 13 out of 250 (0.052000 %)
Nov 01, 2017 1:29:03 AM experiments.MultiThreadExperiment runExperiment
INFO: Runnning experiment with Lifted Top Matching algorithm for scenrio-id 32, number of threads 26
Nov 01, 2017 1:29:03 AM experiments.MultiThreadExperiment runExperiment
INFO: Running inference
Nov 01, 2017 1:29:03 AM liftedtopmatching.LiftedTopMatchingAlgorithm calculateProbability
INFO: Generating initial deltas
Nov 01, 2017 1:29:03 AM liftedtopmatching.LiftedTopMatchingAlgorithm calculateProbability
INFO: Calculating probability over 26 deltas
Nov 01, 2017 1:29:03 AM liftedtopmatching.LiftedTopMatchingAlgorithm calculateProbability
INFO: Multithread is true. Running with 26 threads
Nov 01, 2017 1:29:39 AM liftedtopmatching.LiftedTopMatchingAlgorithm calculateProbability
INFO: Done calculating the probability
Section description: Inference over scenrio-id 32, query-id 4
Original ranking: [10, 4, 20, 12, 11, 5, 19, 8, 17, 14, 13, 16, 15, 2, 18, 6, 7, 9, 3, 1]
Number of items (m): 20
Number of labels (q): 6
Graph: Level: 0, Label: Cand1, Items: [15, 17, 18], Children: [Cand3]
Level: 0, Label: Cand2, Items: [4, 15, 5], Children: [Cand3, Cand5]
Level: 1, Label: Cand3, Items: [13, 14, 6], Children: [Cand4]
Level: 2, Label: Cand4, Items: [2, 15, 19, 10], Children: []
Level: 1, Label: Cand5, Items: [12, 19, 20], Children: [Cand6]
Level: 2, Label: Cand6, Items: [11, 4, 5, 18], Children: []

Algorithm: Lifted Top Matching
Run multithread: true
Numbr of threads: 26
Optimizations: [Early prunning, Shared modals]
Probabilities: {0.5=0.8473616198535845}
Start Time: Wed Nov 01 01:29:03 IST 2017
End Time: Wed Nov 01 01:29:39 IST 2017
Total Time: 35998 MS

Nov 01, 2017 1:29:39 AM experiments.MultiThreadExperiment runExperiment
INFO: Adding a new Stats row to the stats file of Lifted Top Matching algorithm, query-id 4
Nov 01, 2017 1:29:39 AM experiments.MultiThreadExperiment runExperiments
INFO: Running experiment 14 out of 250 (0.056000 %)
Nov 01, 2017 1:29:39 AM experiments.MultiThreadExperiment runExperiment
INFO: Runnning experiment with Lifted Top Matching algorithm for scenrio-id 32, number of threads 28
Nov 01, 2017 1:29:39 AM experiments.MultiThreadExperiment runExperiment
INFO: Running inference
Nov 01, 2017 1:29:39 AM liftedtopmatching.LiftedTopMatchingAlgorithm calculateProbability
INFO: Generating initial deltas
Nov 01, 2017 1:29:39 AM liftedtopmatching.LiftedTopMatchingAlgorithm calculateProbability
INFO: Calculating probability over 26 deltas
Nov 01, 2017 1:29:39 AM liftedtopmatching.LiftedTopMatchingAlgorithm calculateProbability
INFO: Multithread is true. Running with 28 threads
Nov 01, 2017 1:30:05 AM liftedtopmatching.LiftedTopMatchingAlgorithm calculateProbability
INFO: Done calculating the probability
Section description: Inference over scenrio-id 32, query-id 4
Original ranking: [10, 4, 20, 12, 11, 5, 19, 8, 17, 14, 13, 16, 15, 2, 18, 6, 7, 9, 3, 1]
Number of items (m): 20
Number of labels (q): 6
Graph: Level: 0, Label: Cand1, Items: [15, 17, 18], Children: [Cand3]
Level: 0, Label: Cand2, Items: [4, 15, 5], Children: [Cand3, Cand5]
Level: 1, Label: Cand3, Items: [13, 14, 6], Children: [Cand4]
Level: 2, Label: Cand4, Items: [2, 15, 19, 10], Children: []
Level: 1, Label: Cand5, Items: [12, 19, 20], Children: [Cand6]
Level: 2, Label: Cand6, Items: [11, 4, 5, 18], Children: []

Algorithm: Lifted Top Matching
Run multithread: true
Numbr of threads: 28
Optimizations: [Early prunning, Shared modals]
Probabilities: {0.5=0.8473616198535784}
Start Time: Wed Nov 01 01:29:39 IST 2017
End Time: Wed Nov 01 01:30:05 IST 2017
Total Time: 25858 MS

Nov 01, 2017 1:30:05 AM experiments.MultiThreadExperiment runExperiment
INFO: Adding a new Stats row to the stats file of Lifted Top Matching algorithm, query-id 4
Nov 01, 2017 1:30:05 AM experiments.MultiThreadExperiment runExperiments
INFO: Running experiment 15 out of 250 (0.060000 %)
Nov 01, 2017 1:30:05 AM experiments.MultiThreadExperiment runExperiment
INFO: Runnning experiment with Lifted Top Matching algorithm for scenrio-id 32, number of threads 30
Nov 01, 2017 1:30:05 AM experiments.MultiThreadExperiment runExperiment
INFO: Running inference
Nov 01, 2017 1:30:05 AM liftedtopmatching.LiftedTopMatchingAlgorithm calculateProbability
INFO: Generating initial deltas
Nov 01, 2017 1:30:05 AM liftedtopmatching.LiftedTopMatchingAlgorithm calculateProbability
INFO: Calculating probability over 26 deltas
Nov 01, 2017 1:30:05 AM liftedtopmatching.LiftedTopMatchingAlgorithm calculateProbability
INFO: Multithread is true. Running with 30 threads
Nov 01, 2017 1:30:29 AM liftedtopmatching.LiftedTopMatchingAlgorithm calculateProbability
INFO: Done calculating the probability
Section description: Inference over scenrio-id 32, query-id 4
Original ranking: [10, 4, 20, 12, 11, 5, 19, 8, 17, 14, 13, 16, 15, 2, 18, 6, 7, 9, 3, 1]
Number of items (m): 20
Number of labels (q): 6
Graph: Level: 0, Label: Cand1, Items: [15, 17, 18], Children: [Cand3]
Level: 0, Label: Cand2, Items: [4, 15, 5], Children: [Cand3, Cand5]
Level: 1, Label: Cand3, Items: [13, 14, 6], Children: [Cand4]
Level: 2, Label: Cand4, Items: [2, 15, 19, 10], Children: []
Level: 1, Label: Cand5, Items: [12, 19, 20], Children: [Cand6]
Level: 2, Label: Cand6, Items: [11, 4, 5, 18], Children: []

Algorithm: Lifted Top Matching
Run multithread: true
Numbr of threads: 30
Optimizations: [Early prunning, Shared modals]
Probabilities: {0.5=0.8473616198535869}
Start Time: Wed Nov 01 01:30:05 IST 2017
End Time: Wed Nov 01 01:30:29 IST 2017
Total Time: 24135 MS

Nov 01, 2017 1:30:29 AM experiments.MultiThreadExperiment runExperiment
INFO: Adding a new Stats row to the stats file of Lifted Top Matching algorithm, query-id 4
Nov 01, 2017 1:30:29 AM experiments.MultiThreadExperiment runExperiments
INFO: Running experiment 16 out of 250 (0.064000 %)
Nov 01, 2017 1:30:29 AM experiments.MultiThreadExperiment runExperiment
INFO: Runnning experiment with Lifted Top Matching algorithm for scenrio-id 32, number of threads 32
Nov 01, 2017 1:30:29 AM experiments.MultiThreadExperiment runExperiment
INFO: Running inference
Nov 01, 2017 1:30:29 AM liftedtopmatching.LiftedTopMatchingAlgorithm calculateProbability
INFO: Generating initial deltas
Nov 01, 2017 1:30:29 AM liftedtopmatching.LiftedTopMatchingAlgorithm calculateProbability
INFO: Calculating probability over 26 deltas
Nov 01, 2017 1:30:29 AM liftedtopmatching.LiftedTopMatchingAlgorithm calculateProbability
INFO: Multithread is true. Running with 32 threads
Nov 01, 2017 1:30:52 AM liftedtopmatching.LiftedTopMatchingAlgorithm calculateProbability
INFO: Done calculating the probability
Section description: Inference over scenrio-id 32, query-id 4
Original ranking: [10, 4, 20, 12, 11, 5, 19, 8, 17, 14, 13, 16, 15, 2, 18, 6, 7, 9, 3, 1]
Number of items (m): 20
Number of labels (q): 6
Graph: Level: 0, Label: Cand1, Items: [15, 17, 18], Children: [Cand3]
Level: 0, Label: Cand2, Items: [4, 15, 5], Children: [Cand3, Cand5]
Level: 1, Label: Cand3, Items: [13, 14, 6], Children: [Cand4]
Level: 2, Label: Cand4, Items: [2, 15, 19, 10], Children: []
Level: 1, Label: Cand5, Items: [12, 19, 20], Children: [Cand6]
Level: 2, Label: Cand6, Items: [11, 4, 5, 18], Children: []

Algorithm: Lifted Top Matching
Run multithread: true
Numbr of threads: 32
Optimizations: [Early prunning, Shared modals]
Probabilities: {0.5=0.8473616198535748}
Start Time: Wed Nov 01 01:30:29 IST 2017
End Time: Wed Nov 01 01:30:52 IST 2017
Total Time: 23641 MS

Nov 01, 2017 1:30:52 AM experiments.MultiThreadExperiment runExperiment
INFO: Adding a new Stats row to the stats file of Lifted Top Matching algorithm, query-id 4
Nov 01, 2017 1:30:52 AM experiments.MultiThreadExperiment runExperiments
INFO: Running experiment 17 out of 250 (0.068000 %)
Nov 01, 2017 1:30:52 AM experiments.MultiThreadExperiment runExperiment
INFO: Runnning experiment with Lifted Top Matching algorithm for scenrio-id 32, number of threads 34
Nov 01, 2017 1:30:52 AM experiments.MultiThreadExperiment runExperiment
INFO: Running inference
Nov 01, 2017 1:30:52 AM liftedtopmatching.LiftedTopMatchingAlgorithm calculateProbability
INFO: Generating initial deltas
Nov 01, 2017 1:30:53 AM liftedtopmatching.LiftedTopMatchingAlgorithm calculateProbability
INFO: Calculating probability over 26 deltas
Nov 01, 2017 1:30:53 AM liftedtopmatching.LiftedTopMatchingAlgorithm calculateProbability
INFO: Multithread is true. Running with 34 threads
Nov 01, 2017 1:31:16 AM liftedtopmatching.LiftedTopMatchingAlgorithm calculateProbability
INFO: Done calculating the probability
Section description: Inference over scenrio-id 32, query-id 4
Original ranking: [10, 4, 20, 12, 11, 5, 19, 8, 17, 14, 13, 16, 15, 2, 18, 6, 7, 9, 3, 1]
Number of items (m): 20
Number of labels (q): 6
Graph: Level: 0, Label: Cand1, Items: [15, 17, 18], Children: [Cand3]
Level: 0, Label: Cand2, Items: [4, 15, 5], Children: [Cand3, Cand5]
Level: 1, Label: Cand3, Items: [13, 14, 6], Children: [Cand4]
Level: 2, Label: Cand4, Items: [2, 15, 19, 10], Children: []
Level: 1, Label: Cand5, Items: [12, 19, 20], Children: [Cand6]
Level: 2, Label: Cand6, Items: [11, 4, 5, 18], Children: []

Algorithm: Lifted Top Matching
Run multithread: true
Numbr of threads: 34
Optimizations: [Early prunning, Shared modals]
Probabilities: {0.5=0.8473616198535802}
Start Time: Wed Nov 01 01:30:52 IST 2017
End Time: Wed Nov 01 01:31:16 IST 2017
Total Time: 23759 MS

Nov 01, 2017 1:31:16 AM experiments.MultiThreadExperiment runExperiment
INFO: Adding a new Stats row to the stats file of Lifted Top Matching algorithm, query-id 4
Nov 01, 2017 1:31:16 AM experiments.MultiThreadExperiment runExperiments
INFO: Running experiment 18 out of 250 (0.072000 %)
Nov 01, 2017 1:31:16 AM experiments.MultiThreadExperiment runExperiment
INFO: Runnning experiment with Lifted Top Matching algorithm for scenrio-id 32, number of threads 36
Nov 01, 2017 1:31:16 AM experiments.MultiThreadExperiment runExperiment
INFO: Running inference
Nov 01, 2017 1:31:16 AM liftedtopmatching.LiftedTopMatchingAlgorithm calculateProbability
INFO: Generating initial deltas
Nov 01, 2017 1:31:16 AM liftedtopmatching.LiftedTopMatchingAlgorithm calculateProbability
INFO: Calculating probability over 26 deltas
Nov 01, 2017 1:31:16 AM liftedtopmatching.LiftedTopMatchingAlgorithm calculateProbability
INFO: Multithread is true. Running with 36 threads
Nov 01, 2017 1:31:40 AM liftedtopmatching.LiftedTopMatchingAlgorithm calculateProbability
INFO: Done calculating the probability
Section description: Inference over scenrio-id 32, query-id 4
Original ranking: [10, 4, 20, 12, 11, 5, 19, 8, 17, 14, 13, 16, 15, 2, 18, 6, 7, 9, 3, 1]
Number of items (m): 20
Number of labels (q): 6
Graph: Level: 0, Label: Cand1, Items: [15, 17, 18], Children: [Cand3]
Level: 0, Label: Cand2, Items: [4, 15, 5], Children: [Cand3, Cand5]
Level: 1, Label: Cand3, Items: [13, 14, 6], Children: [Cand4]
Level: 2, Label: Cand4, Items: [2, 15, 19, 10], Children: []
Level: 1, Label: Cand5, Items: [12, 19, 20], Children: [Cand6]
Level: 2, Label: Cand6, Items: [11, 4, 5, 18], Children: []

Algorithm: Lifted Top Matching
Run multithread: true
Numbr of threads: 36
Optimizations: [Early prunning, Shared modals]
Probabilities: {0.5=0.8473616198535875}
Start Time: Wed Nov 01 01:31:16 IST 2017
End Time: Wed Nov 01 01:31:40 IST 2017
Total Time: 24222 MS

Nov 01, 2017 1:31:40 AM experiments.MultiThreadExperiment runExperiment
INFO: Adding a new Stats row to the stats file of Lifted Top Matching algorithm, query-id 4
Nov 01, 2017 1:31:40 AM experiments.MultiThreadExperiment runExperiments
INFO: Running experiment 19 out of 250 (0.076000 %)
Nov 01, 2017 1:31:40 AM experiments.MultiThreadExperiment runExperiment
INFO: Runnning experiment with Lifted Top Matching algorithm for scenrio-id 32, number of threads 38
Nov 01, 2017 1:31:40 AM experiments.MultiThreadExperiment runExperiment
INFO: Running inference
Nov 01, 2017 1:31:40 AM liftedtopmatching.LiftedTopMatchingAlgorithm calculateProbability
INFO: Generating initial deltas
Nov 01, 2017 1:31:41 AM liftedtopmatching.LiftedTopMatchingAlgorithm calculateProbability
INFO: Calculating probability over 26 deltas
Nov 01, 2017 1:31:41 AM liftedtopmatching.LiftedTopMatchingAlgorithm calculateProbability
INFO: Multithread is true. Running with 38 threads
Nov 01, 2017 1:32:04 AM liftedtopmatching.LiftedTopMatchingAlgorithm calculateProbability
INFO: Done calculating the probability
Section description: Inference over scenrio-id 32, query-id 4
Original ranking: [10, 4, 20, 12, 11, 5, 19, 8, 17, 14, 13, 16, 15, 2, 18, 6, 7, 9, 3, 1]
Number of items (m): 20
Number of labels (q): 6
Graph: Level: 0, Label: Cand1, Items: [15, 17, 18], Children: [Cand3]
Level: 0, Label: Cand2, Items: [4, 15, 5], Children: [Cand3, Cand5]
Level: 1, Label: Cand3, Items: [13, 14, 6], Children: [Cand4]
Level: 2, Label: Cand4, Items: [2, 15, 19, 10], Children: []
Level: 1, Label: Cand5, Items: [12, 19, 20], Children: [Cand6]
Level: 2, Label: Cand6, Items: [11, 4, 5, 18], Children: []

Algorithm: Lifted Top Matching
Run multithread: true
Numbr of threads: 38
Optimizations: [Early prunning, Shared modals]
Probabilities: {0.5=0.8473616198535467}
Start Time: Wed Nov 01 01:31:40 IST 2017
End Time: Wed Nov 01 01:32:04 IST 2017
Total Time: 23442 MS

Nov 01, 2017 1:32:04 AM experiments.MultiThreadExperiment runExperiment
INFO: Adding a new Stats row to the stats file of Lifted Top Matching algorithm, query-id 4
Nov 01, 2017 1:32:04 AM experiments.MultiThreadExperiment runExperiments
INFO: Running experiment 20 out of 250 (0.080000 %)
Nov 01, 2017 1:32:04 AM experiments.MultiThreadExperiment runExperiment
INFO: Runnning experiment with Lifted Top Matching algorithm for scenrio-id 32, number of threads 40
Nov 01, 2017 1:32:04 AM experiments.MultiThreadExperiment runExperiment
INFO: Running inference
Nov 01, 2017 1:32:04 AM liftedtopmatching.LiftedTopMatchingAlgorithm calculateProbability
INFO: Generating initial deltas
Nov 01, 2017 1:32:04 AM liftedtopmatching.LiftedTopMatchingAlgorithm calculateProbability
INFO: Calculating probability over 26 deltas
Nov 01, 2017 1:32:04 AM liftedtopmatching.LiftedTopMatchingAlgorithm calculateProbability
INFO: Multithread is true. Running with 40 threads
Nov 01, 2017 1:32:26 AM liftedtopmatching.LiftedTopMatchingAlgorithm calculateProbability
INFO: Done calculating the probability
Section description: Inference over scenrio-id 32, query-id 4
Original ranking: [10, 4, 20, 12, 11, 5, 19, 8, 17, 14, 13, 16, 15, 2, 18, 6, 7, 9, 3, 1]
Number of items (m): 20
Number of labels (q): 6
Graph: Level: 0, Label: Cand1, Items: [15, 17, 18], Children: [Cand3]
Level: 0, Label: Cand2, Items: [4, 15, 5], Children: [Cand3, Cand5]
Level: 1, Label: Cand3, Items: [13, 14, 6], Children: [Cand4]
Level: 2, Label: Cand4, Items: [2, 15, 19, 10], Children: []
Level: 1, Label: Cand5, Items: [12, 19, 20], Children: [Cand6]
Level: 2, Label: Cand6, Items: [11, 4, 5, 18], Children: []

Algorithm: Lifted Top Matching
Run multithread: true
Numbr of threads: 40
Optimizations: [Early prunning, Shared modals]
Probabilities: {0.5=0.8473616198535682}
Start Time: Wed Nov 01 01:32:04 IST 2017
End Time: Wed Nov 01 01:32:26 IST 2017
Total Time: 22449 MS

Nov 01, 2017 1:32:26 AM experiments.MultiThreadExperiment runExperiment
INFO: Adding a new Stats row to the stats file of Lifted Top Matching algorithm, query-id 4
Nov 01, 2017 1:32:26 AM experiments.MultiThreadExperiment runExperiments
INFO: Running experiment 21 out of 250 (0.084000 %)
Nov 01, 2017 1:32:26 AM experiments.MultiThreadExperiment runExperiment
INFO: Runnning experiment with Lifted Top Matching algorithm for scenrio-id 32, number of threads 42
Nov 01, 2017 1:32:26 AM experiments.MultiThreadExperiment runExperiment
INFO: Running inference
Nov 01, 2017 1:32:26 AM liftedtopmatching.LiftedTopMatchingAlgorithm calculateProbability
INFO: Generating initial deltas
Nov 01, 2017 1:32:26 AM liftedtopmatching.LiftedTopMatchingAlgorithm calculateProbability
INFO: Calculating probability over 26 deltas
Nov 01, 2017 1:32:26 AM liftedtopmatching.LiftedTopMatchingAlgorithm calculateProbability
INFO: Multithread is true. Running with 42 threads
Nov 01, 2017 1:32:49 AM liftedtopmatching.LiftedTopMatchingAlgorithm calculateProbability
INFO: Done calculating the probability
Section description: Inference over scenrio-id 32, query-id 4
Original ranking: [10, 4, 20, 12, 11, 5, 19, 8, 17, 14, 13, 16, 15, 2, 18, 6, 7, 9, 3, 1]
Number of items (m): 20
Number of labels (q): 6
Graph: Level: 0, Label: Cand1, Items: [15, 17, 18], Children: [Cand3]
Level: 0, Label: Cand2, Items: [4, 15, 5], Children: [Cand3, Cand5]
Level: 1, Label: Cand3, Items: [13, 14, 6], Children: [Cand4]
Level: 2, Label: Cand4, Items: [2, 15, 19, 10], Children: []
Level: 1, Label: Cand5, Items: [12, 19, 20], Children: [Cand6]
Level: 2, Label: Cand6, Items: [11, 4, 5, 18], Children: []

Algorithm: Lifted Top Matching
Run multithread: true
Numbr of threads: 42
Optimizations: [Early prunning, Shared modals]
Probabilities: {0.5=0.8473616198535708}
Start Time: Wed Nov 01 01:32:26 IST 2017
End Time: Wed Nov 01 01:32:49 IST 2017
Total Time: 22258 MS

Nov 01, 2017 1:32:49 AM experiments.MultiThreadExperiment runExperiment
INFO: Adding a new Stats row to the stats file of Lifted Top Matching algorithm, query-id 4
Nov 01, 2017 1:32:49 AM experiments.MultiThreadExperiment runExperiments
INFO: Running experiment 22 out of 250 (0.088000 %)
Nov 01, 2017 1:32:49 AM experiments.MultiThreadExperiment runExperiment
INFO: Runnning experiment with Lifted Top Matching algorithm for scenrio-id 32, number of threads 44
Nov 01, 2017 1:32:49 AM experiments.MultiThreadExperiment runExperiment
INFO: Running inference
Nov 01, 2017 1:32:49 AM liftedtopmatching.LiftedTopMatchingAlgorithm calculateProbability
INFO: Generating initial deltas
Nov 01, 2017 1:32:49 AM liftedtopmatching.LiftedTopMatchingAlgorithm calculateProbability
INFO: Calculating probability over 26 deltas
Nov 01, 2017 1:32:49 AM liftedtopmatching.LiftedTopMatchingAlgorithm calculateProbability
INFO: Multithread is true. Running with 44 threads
