Oct 31, 2017 11:48:10 PM experiments.MultiThreadExperiment main
INFO: Starting invoking the experiment
Oct 31, 2017 11:48:10 PM experiments.MultiThreadExperiment main
INFO: Reading input file to grab experiments data
Oct 31, 2017 11:48:10 PM experiments.MultiThreadExperiment main
INFO: Reading exisiting output files to mark done experiments
Oct 31, 2017 11:48:10 PM experiments.MultiThreadExperiment main
INFO: Running experiment for Lifted Top Matching
Oct 31, 2017 11:48:10 PM experiments.MultiThreadExperiment runExperiments
INFO: Running experiment 0 out of 130 (0.000000 %)
Oct 31, 2017 11:48:10 PM experiments.MultiThreadExperiment runExperiment
INFO: Runnning experiment with Lifted Top Matching algorithm for scenrio-id 32, number of threads 1
Oct 31, 2017 11:48:10 PM experiments.MultiThreadExperiment runExperiment
INFO: Running inference
Oct 31, 2017 11:48:10 PM liftedtopmatching.LiftedTopMatchingAlgorithm calculateProbability
INFO: Generating initial deltas
Oct 31, 2017 11:48:10 PM liftedtopmatching.LiftedTopMatchingAlgorithm calculateProbability
INFO: Calculating probability over 26 deltas
Oct 31, 2017 11:48:10 PM liftedtopmatching.LiftedTopMatchingAlgorithm calculateProbability
INFO: Multithread is false
Oct 31, 2017 11:48:10 PM liftedtopmatching.LiftedTopMatchingAlgorithm calculateProbabilityForSubsetOfDeltas
INFO: Calculating probability over 26 deltas
Oct 31, 2017 11:48:10 PM liftedtopmatching.LiftedTopMatchingAlgorithm calculateProbabilityForSubsetOfDeltas
INFO: Done with 1 out of 20 items
Oct 31, 2017 11:48:10 PM liftedtopmatching.LiftedTopMatchingAlgorithm calculateProbabilityForSubsetOfDeltas
INFO: Calculating probability over 155 deltas
Oct 31, 2017 11:48:10 PM liftedtopmatching.LiftedTopMatchingAlgorithm calculateProbabilityForSubsetOfDeltas
INFO: Done with 2 out of 20 items
Oct 31, 2017 11:48:10 PM liftedtopmatching.LiftedTopMatchingAlgorithm calculateProbabilityForSubsetOfDeltas
INFO: Calculating probability over 767 deltas
Oct 31, 2017 11:48:10 PM liftedtopmatching.LiftedTopMatchingAlgorithm calculateProbabilityForSubsetOfDeltas
INFO: Done with 3 out of 20 items
Oct 31, 2017 11:48:10 PM liftedtopmatching.LiftedTopMatchingAlgorithm calculateProbabilityForSubsetOfDeltas
INFO: Calculating probability over 3491 deltas
Oct 31, 2017 11:48:11 PM liftedtopmatching.LiftedTopMatchingAlgorithm calculateProbabilityForSubsetOfDeltas
INFO: Done with 4 out of 20 items
Oct 31, 2017 11:48:11 PM liftedtopmatching.LiftedTopMatchingAlgorithm calculateProbabilityForSubsetOfDeltas
INFO: Calculating probability over 9841 deltas
Oct 31, 2017 11:48:11 PM liftedtopmatching.LiftedTopMatchingAlgorithm calculateProbabilityForSubsetOfDeltas
INFO: Done with 5 out of 20 items
Oct 31, 2017 11:48:11 PM liftedtopmatching.LiftedTopMatchingAlgorithm calculateProbabilityForSubsetOfDeltas
INFO: Calculating probability over 28307 deltas
Oct 31, 2017 11:48:12 PM liftedtopmatching.LiftedTopMatchingAlgorithm calculateProbabilityForSubsetOfDeltas
INFO: Done with 6 out of 20 items
Oct 31, 2017 11:48:12 PM liftedtopmatching.LiftedTopMatchingAlgorithm calculateProbabilityForSubsetOfDeltas
INFO: Calculating probability over 58733 deltas
Oct 31, 2017 11:48:13 PM liftedtopmatching.LiftedTopMatchingAlgorithm calculateProbabilityForSubsetOfDeltas
INFO: Done with 7 out of 20 items
Oct 31, 2017 11:48:13 PM liftedtopmatching.LiftedTopMatchingAlgorithm calculateProbabilityForSubsetOfDeltas
INFO: Calculating probability over 65130 deltas
Oct 31, 2017 11:48:14 PM liftedtopmatching.LiftedTopMatchingAlgorithm calculateProbabilityForSubsetOfDeltas
INFO: Done with 8 out of 20 items
Oct 31, 2017 11:48:14 PM liftedtopmatching.LiftedTopMatchingAlgorithm calculateProbabilityForSubsetOfDeltas
INFO: Calculating probability over 90576 deltas
Oct 31, 2017 11:48:17 PM liftedtopmatching.LiftedTopMatchingAlgorithm calculateProbabilityForSubsetOfDeltas
INFO: Done with 9 out of 20 items
Oct 31, 2017 11:48:17 PM liftedtopmatching.LiftedTopMatchingAlgorithm calculateProbabilityForSubsetOfDeltas
INFO: Calculating probability over 254626 deltas
Oct 31, 2017 11:48:27 PM liftedtopmatching.LiftedTopMatchingAlgorithm calculateProbabilityForSubsetOfDeltas
INFO: Done with 10 out of 20 items
Oct 31, 2017 11:48:27 PM liftedtopmatching.LiftedTopMatchingAlgorithm calculateProbabilityForSubsetOfDeltas
INFO: Calculating probability over 728943 deltas
Oct 31, 2017 11:48:58 PM liftedtopmatching.LiftedTopMatchingAlgorithm calculateProbabilityForSubsetOfDeltas
INFO: Done with 11 out of 20 items
Oct 31, 2017 11:48:58 PM liftedtopmatching.LiftedTopMatchingAlgorithm calculateProbabilityForSubsetOfDeltas
INFO: Calculating probability over 1292736 deltas
Oct 31, 2017 11:50:05 PM liftedtopmatching.LiftedTopMatchingAlgorithm calculateProbabilityForSubsetOfDeltas
INFO: Done with 12 out of 20 items
Oct 31, 2017 11:50:05 PM liftedtopmatching.LiftedTopMatchingAlgorithm calculateProbabilityForSubsetOfDeltas
INFO: Calculating probability over 2215461 deltas
Oct 31, 2017 11:50:36 PM liftedtopmatching.LiftedTopMatchingAlgorithm calculateProbabilityForSubsetOfDeltas
INFO: Done with 13 out of 20 items
Oct 31, 2017 11:50:36 PM liftedtopmatching.LiftedTopMatchingAlgorithm calculateProbabilityForSubsetOfDeltas
INFO: Calculating probability over 2591654 deltas
Oct 31, 2017 11:51:13 PM liftedtopmatching.LiftedTopMatchingAlgorithm calculateProbabilityForSubsetOfDeltas
INFO: Done with 14 out of 20 items
Oct 31, 2017 11:51:13 PM liftedtopmatching.LiftedTopMatchingAlgorithm calculateProbabilityForSubsetOfDeltas
INFO: Calculating probability over 1245984 deltas
Oct 31, 2017 11:51:22 PM liftedtopmatching.LiftedTopMatchingAlgorithm calculateProbabilityForSubsetOfDeltas
INFO: Done with 15 out of 20 items
Oct 31, 2017 11:51:22 PM liftedtopmatching.LiftedTopMatchingAlgorithm calculateProbabilityForSubsetOfDeltas
INFO: Calculating probability over 989032 deltas
Oct 31, 2017 11:51:29 PM liftedtopmatching.LiftedTopMatchingAlgorithm calculateProbabilityForSubsetOfDeltas
INFO: Done with 16 out of 20 items
Oct 31, 2017 11:51:29 PM liftedtopmatching.LiftedTopMatchingAlgorithm calculateProbabilityForSubsetOfDeltas
INFO: Calculating probability over 602768 deltas
Oct 31, 2017 11:51:37 PM liftedtopmatching.LiftedTopMatchingAlgorithm calculateProbabilityForSubsetOfDeltas
INFO: Done with 17 out of 20 items
Oct 31, 2017 11:51:37 PM liftedtopmatching.LiftedTopMatchingAlgorithm calculateProbabilityForSubsetOfDeltas
INFO: Calculating probability over 243532 deltas
Oct 31, 2017 11:51:49 PM liftedtopmatching.LiftedTopMatchingAlgorithm calculateProbabilityForSubsetOfDeltas
INFO: Done with 18 out of 20 items
Oct 31, 2017 11:51:49 PM liftedtopmatching.LiftedTopMatchingAlgorithm calculateProbabilityForSubsetOfDeltas
INFO: Calculating probability over 362340 deltas
Oct 31, 2017 11:52:08 PM liftedtopmatching.LiftedTopMatchingAlgorithm calculateProbabilityForSubsetOfDeltas
INFO: Done with 19 out of 20 items
Oct 31, 2017 11:52:08 PM liftedtopmatching.LiftedTopMatchingAlgorithm calculateProbabilityForSubsetOfDeltas
INFO: Calculating probability over 525168 deltas
Oct 31, 2017 11:52:37 PM liftedtopmatching.LiftedTopMatchingAlgorithm calculateProbabilityForSubsetOfDeltas
INFO: Done with 20 out of 20 items
Oct 31, 2017 11:52:37 PM liftedtopmatching.LiftedTopMatchingAlgorithm calculateProbabilityForSubsetOfDeltas
INFO: Calculating probability over 744111 deltas
Oct 31, 2017 11:52:38 PM liftedtopmatching.LiftedTopMatchingAlgorithm calculateProbability
INFO: Done calculating the probability
Section description: Inference over scenrio-id 32, query-id 4
Original ranking: [10, 4, 20, 12, 11, 5, 19, 8, 17, 14, 13, 16, 15, 2, 18, 6, 7, 9, 3, 1]
Number of items (m): 20
Number of labels (q): 6
Graph: Level: 0, Label: Cand1, Items: [15, 17, 18], Children: [Cand3]
Level: 0, Label: Cand2, Items: [4, 15, 5], Children: [Cand3, Cand5]
Level: 1, Label: Cand3, Items: [13, 14, 6], Children: [Cand4]
Level: 2, Label: Cand4, Items: [2, 15, 19, 10], Children: []
Level: 1, Label: Cand5, Items: [12, 19, 20], Children: [Cand6]
Level: 2, Label: Cand6, Items: [11, 4, 5, 18], Children: []

Algorithm: Lifted Top Matching
Run multithread: false
Optimizations: [Early prunning, Shared modals]
Probabilities: {0.5=0.847361619853504}
Start Time: Tue Oct 31 23:48:10 IST 2017
End Time: Tue Oct 31 23:52:38 IST 2017
Total Time: 267413 MS

Oct 31, 2017 11:52:38 PM experiments.MultiThreadExperiment runExperiment
INFO: Adding a new Stats row to the stats file of Lifted Top Matching algorithm, query-id 4
Oct 31, 2017 11:52:38 PM experiments.MultiThreadExperiment runExperiments
INFO: Running experiment 1 out of 130 (0.007692 %)
Oct 31, 2017 11:52:38 PM experiments.MultiThreadExperiment runExperiment
INFO: Runnning experiment with Lifted Top Matching algorithm for scenrio-id 32, number of threads 2
Oct 31, 2017 11:52:38 PM experiments.MultiThreadExperiment runExperiment
INFO: Running inference
Oct 31, 2017 11:52:38 PM liftedtopmatching.LiftedTopMatchingAlgorithm calculateProbability
INFO: Generating initial deltas
Oct 31, 2017 11:52:38 PM liftedtopmatching.LiftedTopMatchingAlgorithm calculateProbability
INFO: Calculating probability over 26 deltas
Oct 31, 2017 11:52:38 PM liftedtopmatching.LiftedTopMatchingAlgorithm calculateProbability
INFO: Multithread is true. Running with 2 threads
Oct 31, 2017 11:54:37 PM liftedtopmatching.LiftedTopMatchingAlgorithm calculateProbability
INFO: Done calculating the probability
Section description: Inference over scenrio-id 32, query-id 4
Original ranking: [10, 4, 20, 12, 11, 5, 19, 8, 17, 14, 13, 16, 15, 2, 18, 6, 7, 9, 3, 1]
Number of items (m): 20
Number of labels (q): 6
Graph: Level: 0, Label: Cand1, Items: [15, 17, 18], Children: [Cand3]
Level: 0, Label: Cand2, Items: [4, 15, 5], Children: [Cand3, Cand5]
Level: 1, Label: Cand3, Items: [13, 14, 6], Children: [Cand4]
Level: 2, Label: Cand4, Items: [2, 15, 19, 10], Children: []
Level: 1, Label: Cand5, Items: [12, 19, 20], Children: [Cand6]
Level: 2, Label: Cand6, Items: [11, 4, 5, 18], Children: []

Algorithm: Lifted Top Matching
Run multithread: true
Numbr of threads: 2
Optimizations: [Early prunning, Shared modals]
Probabilities: {0.5=0.847361619853472}
Start Time: Tue Oct 31 23:52:38 IST 2017
End Time: Tue Oct 31 23:54:37 IST 2017
Total Time: 119547 MS

Oct 31, 2017 11:54:37 PM experiments.MultiThreadExperiment runExperiment
INFO: Adding a new Stats row to the stats file of Lifted Top Matching algorithm, query-id 4
Oct 31, 2017 11:54:37 PM experiments.MultiThreadExperiment runExperiments
INFO: Running experiment 2 out of 130 (0.015385 %)
Oct 31, 2017 11:54:37 PM experiments.MultiThreadExperiment runExperiment
INFO: Runnning experiment with Lifted Top Matching algorithm for scenrio-id 32, number of threads 4
Oct 31, 2017 11:54:37 PM experiments.MultiThreadExperiment runExperiment
INFO: Running inference
Oct 31, 2017 11:54:37 PM liftedtopmatching.LiftedTopMatchingAlgorithm calculateProbability
INFO: Generating initial deltas
Oct 31, 2017 11:54:37 PM liftedtopmatching.LiftedTopMatchingAlgorithm calculateProbability
INFO: Calculating probability over 26 deltas
Oct 31, 2017 11:54:37 PM liftedtopmatching.LiftedTopMatchingAlgorithm calculateProbability
INFO: Multithread is true. Running with 4 threads
Oct 31, 2017 11:55:44 PM liftedtopmatching.LiftedTopMatchingAlgorithm calculateProbability
INFO: Done calculating the probability
Section description: Inference over scenrio-id 32, query-id 4
Original ranking: [10, 4, 20, 12, 11, 5, 19, 8, 17, 14, 13, 16, 15, 2, 18, 6, 7, 9, 3, 1]
Number of items (m): 20
Number of labels (q): 6
Graph: Level: 0, Label: Cand1, Items: [15, 17, 18], Children: [Cand3]
Level: 0, Label: Cand2, Items: [4, 15, 5], Children: [Cand3, Cand5]
Level: 1, Label: Cand3, Items: [13, 14, 6], Children: [Cand4]
Level: 2, Label: Cand4, Items: [2, 15, 19, 10], Children: []
Level: 1, Label: Cand5, Items: [12, 19, 20], Children: [Cand6]
Level: 2, Label: Cand6, Items: [11, 4, 5, 18], Children: []

Algorithm: Lifted Top Matching
Run multithread: true
Numbr of threads: 4
Optimizations: [Early prunning, Shared modals]
Probabilities: {0.5=0.8473616198534722}
Start Time: Tue Oct 31 23:54:37 IST 2017
End Time: Tue Oct 31 23:55:44 IST 2017
Total Time: 66464 MS

Oct 31, 2017 11:55:44 PM experiments.MultiThreadExperiment runExperiment
INFO: Adding a new Stats row to the stats file of Lifted Top Matching algorithm, query-id 4
Oct 31, 2017 11:55:44 PM experiments.MultiThreadExperiment runExperiments
INFO: Running experiment 3 out of 130 (0.023077 %)
Oct 31, 2017 11:55:44 PM experiments.MultiThreadExperiment runExperiment
INFO: Runnning experiment with Lifted Top Matching algorithm for scenrio-id 32, number of threads 6
Oct 31, 2017 11:55:44 PM experiments.MultiThreadExperiment runExperiment
INFO: Running inference
Oct 31, 2017 11:55:44 PM liftedtopmatching.LiftedTopMatchingAlgorithm calculateProbability
INFO: Generating initial deltas
Oct 31, 2017 11:55:44 PM liftedtopmatching.LiftedTopMatchingAlgorithm calculateProbability
INFO: Calculating probability over 26 deltas
Oct 31, 2017 11:55:44 PM liftedtopmatching.LiftedTopMatchingAlgorithm calculateProbability
INFO: Multithread is true. Running with 6 threads
Oct 31, 2017 11:56:30 PM liftedtopmatching.LiftedTopMatchingAlgorithm calculateProbability
INFO: Done calculating the probability
Section description: Inference over scenrio-id 32, query-id 4
Original ranking: [10, 4, 20, 12, 11, 5, 19, 8, 17, 14, 13, 16, 15, 2, 18, 6, 7, 9, 3, 1]
Number of items (m): 20
Number of labels (q): 6
Graph: Level: 0, Label: Cand1, Items: [15, 17, 18], Children: [Cand3]
Level: 0, Label: Cand2, Items: [4, 15, 5], Children: [Cand3, Cand5]
Level: 1, Label: Cand3, Items: [13, 14, 6], Children: [Cand4]
Level: 2, Label: Cand4, Items: [2, 15, 19, 10], Children: []
Level: 1, Label: Cand5, Items: [12, 19, 20], Children: [Cand6]
Level: 2, Label: Cand6, Items: [11, 4, 5, 18], Children: []

Algorithm: Lifted Top Matching
Run multithread: true
Numbr of threads: 6
Optimizations: [Early prunning, Shared modals]
Probabilities: {0.5=0.8473616198534618}
Start Time: Tue Oct 31 23:55:44 IST 2017
End Time: Tue Oct 31 23:56:30 IST 2017
Total Time: 46079 MS

Oct 31, 2017 11:56:30 PM experiments.MultiThreadExperiment runExperiment
INFO: Adding a new Stats row to the stats file of Lifted Top Matching algorithm, query-id 4
Oct 31, 2017 11:56:30 PM experiments.MultiThreadExperiment runExperiments
INFO: Running experiment 4 out of 130 (0.030769 %)
Oct 31, 2017 11:56:30 PM experiments.MultiThreadExperiment runExperiment
INFO: Runnning experiment with Lifted Top Matching algorithm for scenrio-id 32, number of threads 8
Oct 31, 2017 11:56:30 PM experiments.MultiThreadExperiment runExperiment
INFO: Running inference
Oct 31, 2017 11:56:30 PM liftedtopmatching.LiftedTopMatchingAlgorithm calculateProbability
INFO: Generating initial deltas
Oct 31, 2017 11:56:30 PM liftedtopmatching.LiftedTopMatchingAlgorithm calculateProbability
INFO: Calculating probability over 26 deltas
Oct 31, 2017 11:56:30 PM liftedtopmatching.LiftedTopMatchingAlgorithm calculateProbability
INFO: Multithread is true. Running with 8 threads
Oct 31, 2017 11:57:13 PM liftedtopmatching.LiftedTopMatchingAlgorithm calculateProbability
INFO: Done calculating the probability
Section description: Inference over scenrio-id 32, query-id 4
Original ranking: [10, 4, 20, 12, 11, 5, 19, 8, 17, 14, 13, 16, 15, 2, 18, 6, 7, 9, 3, 1]
Number of items (m): 20
Number of labels (q): 6
Graph: Level: 0, Label: Cand1, Items: [15, 17, 18], Children: [Cand3]
Level: 0, Label: Cand2, Items: [4, 15, 5], Children: [Cand3, Cand5]
Level: 1, Label: Cand3, Items: [13, 14, 6], Children: [Cand4]
Level: 2, Label: Cand4, Items: [2, 15, 19, 10], Children: []
Level: 1, Label: Cand5, Items: [12, 19, 20], Children: [Cand6]
Level: 2, Label: Cand6, Items: [11, 4, 5, 18], Children: []

Algorithm: Lifted Top Matching
Run multithread: true
Numbr of threads: 8
Optimizations: [Early prunning, Shared modals]
Probabilities: {0.5=0.8473616198534796}
Start Time: Tue Oct 31 23:56:30 IST 2017
End Time: Tue Oct 31 23:57:13 IST 2017
Total Time: 43120 MS

Oct 31, 2017 11:57:13 PM experiments.MultiThreadExperiment runExperiment
INFO: Adding a new Stats row to the stats file of Lifted Top Matching algorithm, query-id 4
Oct 31, 2017 11:57:13 PM experiments.MultiThreadExperiment runExperiments
INFO: Running experiment 5 out of 130 (0.038462 %)
Oct 31, 2017 11:57:13 PM experiments.MultiThreadExperiment runExperiment
INFO: Runnning experiment with Lifted Top Matching algorithm for scenrio-id 32, number of threads 10
Oct 31, 2017 11:57:13 PM experiments.MultiThreadExperiment runExperiment
INFO: Running inference
Oct 31, 2017 11:57:13 PM liftedtopmatching.LiftedTopMatchingAlgorithm calculateProbability
INFO: Generating initial deltas
Oct 31, 2017 11:57:13 PM liftedtopmatching.LiftedTopMatchingAlgorithm calculateProbability
INFO: Calculating probability over 26 deltas
Oct 31, 2017 11:57:13 PM liftedtopmatching.LiftedTopMatchingAlgorithm calculateProbability
INFO: Multithread is true. Running with 10 threads
Oct 31, 2017 11:57:49 PM liftedtopmatching.LiftedTopMatchingAlgorithm calculateProbability
INFO: Done calculating the probability
Section description: Inference over scenrio-id 32, query-id 4
Original ranking: [10, 4, 20, 12, 11, 5, 19, 8, 17, 14, 13, 16, 15, 2, 18, 6, 7, 9, 3, 1]
Number of items (m): 20
Number of labels (q): 6
Graph: Level: 0, Label: Cand1, Items: [15, 17, 18], Children: [Cand3]
Level: 0, Label: Cand2, Items: [4, 15, 5], Children: [Cand3, Cand5]
Level: 1, Label: Cand3, Items: [13, 14, 6], Children: [Cand4]
Level: 2, Label: Cand4, Items: [2, 15, 19, 10], Children: []
Level: 1, Label: Cand5, Items: [12, 19, 20], Children: [Cand6]
Level: 2, Label: Cand6, Items: [11, 4, 5, 18], Children: []

Algorithm: Lifted Top Matching
Run multithread: true
Numbr of threads: 10
Optimizations: [Early prunning, Shared modals]
Probabilities: {0.5=0.8473616198534931}
Start Time: Tue Oct 31 23:57:13 IST 2017
End Time: Tue Oct 31 23:57:49 IST 2017
Total Time: 35802 MS

Oct 31, 2017 11:57:49 PM experiments.MultiThreadExperiment runExperiment
INFO: Adding a new Stats row to the stats file of Lifted Top Matching algorithm, query-id 4
Oct 31, 2017 11:57:49 PM experiments.MultiThreadExperiment runExperiments
INFO: Running experiment 6 out of 130 (0.046154 %)
Oct 31, 2017 11:57:49 PM experiments.MultiThreadExperiment runExperiment
INFO: Runnning experiment with Lifted Top Matching algorithm for scenrio-id 32, number of threads 12
Oct 31, 2017 11:57:49 PM experiments.MultiThreadExperiment runExperiment
INFO: Running inference
Oct 31, 2017 11:57:49 PM liftedtopmatching.LiftedTopMatchingAlgorithm calculateProbability
INFO: Generating initial deltas
Oct 31, 2017 11:57:49 PM liftedtopmatching.LiftedTopMatchingAlgorithm calculateProbability
INFO: Calculating probability over 26 deltas
Oct 31, 2017 11:57:49 PM liftedtopmatching.LiftedTopMatchingAlgorithm calculateProbability
INFO: Multithread is true. Running with 12 threads
Oct 31, 2017 11:58:22 PM liftedtopmatching.LiftedTopMatchingAlgorithm calculateProbability
INFO: Done calculating the probability
Section description: Inference over scenrio-id 32, query-id 4
Original ranking: [10, 4, 20, 12, 11, 5, 19, 8, 17, 14, 13, 16, 15, 2, 18, 6, 7, 9, 3, 1]
Number of items (m): 20
Number of labels (q): 6
Graph: Level: 0, Label: Cand1, Items: [15, 17, 18], Children: [Cand3]
Level: 0, Label: Cand2, Items: [4, 15, 5], Children: [Cand3, Cand5]
Level: 1, Label: Cand3, Items: [13, 14, 6], Children: [Cand4]
Level: 2, Label: Cand4, Items: [2, 15, 19, 10], Children: []
Level: 1, Label: Cand5, Items: [12, 19, 20], Children: [Cand6]
Level: 2, Label: Cand6, Items: [11, 4, 5, 18], Children: []

Algorithm: Lifted Top Matching
Run multithread: true
Numbr of threads: 12
Optimizations: [Early prunning, Shared modals]
Probabilities: {0.5=0.8473616198535298}
Start Time: Tue Oct 31 23:57:49 IST 2017
End Time: Tue Oct 31 23:58:22 IST 2017
Total Time: 33337 MS

Oct 31, 2017 11:58:22 PM experiments.MultiThreadExperiment runExperiment
INFO: Adding a new Stats row to the stats file of Lifted Top Matching algorithm, query-id 4
Oct 31, 2017 11:58:22 PM experiments.MultiThreadExperiment runExperiments
INFO: Running experiment 7 out of 130 (0.053846 %)
Oct 31, 2017 11:58:22 PM experiments.MultiThreadExperiment runExperiment
INFO: Runnning experiment with Lifted Top Matching algorithm for scenrio-id 32, number of threads 14
Oct 31, 2017 11:58:22 PM experiments.MultiThreadExperiment runExperiment
INFO: Running inference
Oct 31, 2017 11:58:22 PM liftedtopmatching.LiftedTopMatchingAlgorithm calculateProbability
INFO: Generating initial deltas
Oct 31, 2017 11:58:22 PM liftedtopmatching.LiftedTopMatchingAlgorithm calculateProbability
INFO: Calculating probability over 26 deltas
Oct 31, 2017 11:58:22 PM liftedtopmatching.LiftedTopMatchingAlgorithm calculateProbability
INFO: Multithread is true. Running with 14 threads
Oct 31, 2017 11:58:55 PM liftedtopmatching.LiftedTopMatchingAlgorithm calculateProbability
INFO: Done calculating the probability
Section description: Inference over scenrio-id 32, query-id 4
Original ranking: [10, 4, 20, 12, 11, 5, 19, 8, 17, 14, 13, 16, 15, 2, 18, 6, 7, 9, 3, 1]
Number of items (m): 20
Number of labels (q): 6
Graph: Level: 0, Label: Cand1, Items: [15, 17, 18], Children: [Cand3]
Level: 0, Label: Cand2, Items: [4, 15, 5], Children: [Cand3, Cand5]
Level: 1, Label: Cand3, Items: [13, 14, 6], Children: [Cand4]
Level: 2, Label: Cand4, Items: [2, 15, 19, 10], Children: []
Level: 1, Label: Cand5, Items: [12, 19, 20], Children: [Cand6]
Level: 2, Label: Cand6, Items: [11, 4, 5, 18], Children: []

Algorithm: Lifted Top Matching
Run multithread: true
Numbr of threads: 14
Optimizations: [Early prunning, Shared modals]
Probabilities: {0.5=0.8473616198535495}
Start Time: Tue Oct 31 23:58:22 IST 2017
End Time: Tue Oct 31 23:58:55 IST 2017
Total Time: 33387 MS

Oct 31, 2017 11:58:55 PM experiments.MultiThreadExperiment runExperiment
INFO: Adding a new Stats row to the stats file of Lifted Top Matching algorithm, query-id 4
Oct 31, 2017 11:58:55 PM experiments.MultiThreadExperiment runExperiments
INFO: Running experiment 8 out of 130 (0.061538 %)
Oct 31, 2017 11:58:55 PM experiments.MultiThreadExperiment runExperiment
INFO: Runnning experiment with Lifted Top Matching algorithm for scenrio-id 32, number of threads 16
Oct 31, 2017 11:58:55 PM experiments.MultiThreadExperiment runExperiment
INFO: Running inference
Oct 31, 2017 11:58:55 PM liftedtopmatching.LiftedTopMatchingAlgorithm calculateProbability
INFO: Generating initial deltas
Oct 31, 2017 11:58:55 PM liftedtopmatching.LiftedTopMatchingAlgorithm calculateProbability
INFO: Calculating probability over 26 deltas
Oct 31, 2017 11:58:55 PM liftedtopmatching.LiftedTopMatchingAlgorithm calculateProbability
INFO: Multithread is true. Running with 16 threads
Oct 31, 2017 11:59:27 PM liftedtopmatching.LiftedTopMatchingAlgorithm calculateProbability
INFO: Done calculating the probability
Section description: Inference over scenrio-id 32, query-id 4
Original ranking: [10, 4, 20, 12, 11, 5, 19, 8, 17, 14, 13, 16, 15, 2, 18, 6, 7, 9, 3, 1]
Number of items (m): 20
Number of labels (q): 6
Graph: Level: 0, Label: Cand1, Items: [15, 17, 18], Children: [Cand3]
Level: 0, Label: Cand2, Items: [4, 15, 5], Children: [Cand3, Cand5]
Level: 1, Label: Cand3, Items: [13, 14, 6], Children: [Cand4]
Level: 2, Label: Cand4, Items: [2, 15, 19, 10], Children: []
Level: 1, Label: Cand5, Items: [12, 19, 20], Children: [Cand6]
Level: 2, Label: Cand6, Items: [11, 4, 5, 18], Children: []

Algorithm: Lifted Top Matching
Run multithread: true
Numbr of threads: 16
Optimizations: [Early prunning, Shared modals]
Probabilities: {0.5=0.8473616198535593}
Start Time: Tue Oct 31 23:58:55 IST 2017
End Time: Tue Oct 31 23:59:27 IST 2017
Total Time: 31591 MS

Oct 31, 2017 11:59:27 PM experiments.MultiThreadExperiment runExperiment
INFO: Adding a new Stats row to the stats file of Lifted Top Matching algorithm, query-id 4
Oct 31, 2017 11:59:27 PM experiments.MultiThreadExperiment runExperiments
INFO: Running experiment 9 out of 130 (0.069231 %)
Oct 31, 2017 11:59:27 PM experiments.MultiThreadExperiment runExperiment
INFO: Runnning experiment with Lifted Top Matching algorithm for scenrio-id 32, number of threads 18
Oct 31, 2017 11:59:27 PM experiments.MultiThreadExperiment runExperiment
INFO: Running inference
Oct 31, 2017 11:59:27 PM liftedtopmatching.LiftedTopMatchingAlgorithm calculateProbability
INFO: Generating initial deltas
Oct 31, 2017 11:59:27 PM liftedtopmatching.LiftedTopMatchingAlgorithm calculateProbability
INFO: Calculating probability over 26 deltas
Oct 31, 2017 11:59:27 PM liftedtopmatching.LiftedTopMatchingAlgorithm calculateProbability
INFO: Multithread is true. Running with 18 threads
Oct 31, 2017 11:59:54 PM liftedtopmatching.LiftedTopMatchingAlgorithm calculateProbability
INFO: Done calculating the probability
Section description: Inference over scenrio-id 32, query-id 4
Original ranking: [10, 4, 20, 12, 11, 5, 19, 8, 17, 14, 13, 16, 15, 2, 18, 6, 7, 9, 3, 1]
Number of items (m): 20
Number of labels (q): 6
Graph: Level: 0, Label: Cand1, Items: [15, 17, 18], Children: [Cand3]
Level: 0, Label: Cand2, Items: [4, 15, 5], Children: [Cand3, Cand5]
Level: 1, Label: Cand3, Items: [13, 14, 6], Children: [Cand4]
Level: 2, Label: Cand4, Items: [2, 15, 19, 10], Children: []
Level: 1, Label: Cand5, Items: [12, 19, 20], Children: [Cand6]
Level: 2, Label: Cand6, Items: [11, 4, 5, 18], Children: []

Algorithm: Lifted Top Matching
Run multithread: true
Numbr of threads: 18
Optimizations: [Early prunning, Shared modals]
Probabilities: {0.5=0.8473616198535884}
Start Time: Tue Oct 31 23:59:27 IST 2017
End Time: Tue Oct 31 23:59:54 IST 2017
Total Time: 26672 MS

Oct 31, 2017 11:59:54 PM experiments.MultiThreadExperiment runExperiment
INFO: Adding a new Stats row to the stats file of Lifted Top Matching algorithm, query-id 4
Oct 31, 2017 11:59:54 PM experiments.MultiThreadExperiment runExperiments
INFO: Running experiment 10 out of 130 (0.076923 %)
Oct 31, 2017 11:59:54 PM experiments.MultiThreadExperiment runExperiment
INFO: Runnning experiment with Lifted Top Matching algorithm for scenrio-id 32, number of threads 20
Oct 31, 2017 11:59:54 PM experiments.MultiThreadExperiment runExperiment
INFO: Running inference
Oct 31, 2017 11:59:54 PM liftedtopmatching.LiftedTopMatchingAlgorithm calculateProbability
INFO: Generating initial deltas
Oct 31, 2017 11:59:54 PM liftedtopmatching.LiftedTopMatchingAlgorithm calculateProbability
INFO: Calculating probability over 26 deltas
Oct 31, 2017 11:59:54 PM liftedtopmatching.LiftedTopMatchingAlgorithm calculateProbability
INFO: Multithread is true. Running with 20 threads
Nov 01, 2017 12:00:20 AM liftedtopmatching.LiftedTopMatchingAlgorithm calculateProbability
INFO: Done calculating the probability
Section description: Inference over scenrio-id 32, query-id 4
Original ranking: [10, 4, 20, 12, 11, 5, 19, 8, 17, 14, 13, 16, 15, 2, 18, 6, 7, 9, 3, 1]
Number of items (m): 20
Number of labels (q): 6
Graph: Level: 0, Label: Cand1, Items: [15, 17, 18], Children: [Cand3]
Level: 0, Label: Cand2, Items: [4, 15, 5], Children: [Cand3, Cand5]
Level: 1, Label: Cand3, Items: [13, 14, 6], Children: [Cand4]
Level: 2, Label: Cand4, Items: [2, 15, 19, 10], Children: []
Level: 1, Label: Cand5, Items: [12, 19, 20], Children: [Cand6]
Level: 2, Label: Cand6, Items: [11, 4, 5, 18], Children: []

Algorithm: Lifted Top Matching
Run multithread: true
Numbr of threads: 20
Optimizations: [Early prunning, Shared modals]
Probabilities: {0.5=0.8473616198535717}
Start Time: Tue Oct 31 23:59:54 IST 2017
End Time: Wed Nov 01 00:00:20 IST 2017
Total Time: 26108 MS

Nov 01, 2017 12:00:20 AM experiments.MultiThreadExperiment runExperiment
INFO: Adding a new Stats row to the stats file of Lifted Top Matching algorithm, query-id 4
Nov 01, 2017 12:00:20 AM experiments.MultiThreadExperiment runExperiments
INFO: Running experiment 11 out of 130 (0.084615 %)
Nov 01, 2017 12:00:20 AM experiments.MultiThreadExperiment runExperiment
INFO: Runnning experiment with Lifted Top Matching algorithm for scenrio-id 32, number of threads 22
Nov 01, 2017 12:00:20 AM experiments.MultiThreadExperiment runExperiment
INFO: Running inference
Nov 01, 2017 12:00:20 AM liftedtopmatching.LiftedTopMatchingAlgorithm calculateProbability
INFO: Generating initial deltas
Nov 01, 2017 12:00:20 AM liftedtopmatching.LiftedTopMatchingAlgorithm calculateProbability
INFO: Calculating probability over 26 deltas
Nov 01, 2017 12:00:20 AM liftedtopmatching.LiftedTopMatchingAlgorithm calculateProbability
INFO: Multithread is true. Running with 22 threads
Nov 01, 2017 12:00:45 AM liftedtopmatching.LiftedTopMatchingAlgorithm calculateProbability
INFO: Done calculating the probability
Section description: Inference over scenrio-id 32, query-id 4
Original ranking: [10, 4, 20, 12, 11, 5, 19, 8, 17, 14, 13, 16, 15, 2, 18, 6, 7, 9, 3, 1]
Number of items (m): 20
Number of labels (q): 6
Graph: Level: 0, Label: Cand1, Items: [15, 17, 18], Children: [Cand3]
Level: 0, Label: Cand2, Items: [4, 15, 5], Children: [Cand3, Cand5]
Level: 1, Label: Cand3, Items: [13, 14, 6], Children: [Cand4]
Level: 2, Label: Cand4, Items: [2, 15, 19, 10], Children: []
Level: 1, Label: Cand5, Items: [12, 19, 20], Children: [Cand6]
Level: 2, Label: Cand6, Items: [11, 4, 5, 18], Children: []

Algorithm: Lifted Top Matching
Run multithread: true
Numbr of threads: 22
Optimizations: [Early prunning, Shared modals]
Probabilities: {0.5=0.8473616198535648}
Start Time: Wed Nov 01 00:00:20 IST 2017
End Time: Wed Nov 01 00:00:45 IST 2017
Total Time: 25714 MS

Nov 01, 2017 12:00:45 AM experiments.MultiThreadExperiment runExperiment
INFO: Adding a new Stats row to the stats file of Lifted Top Matching algorithm, query-id 4
Nov 01, 2017 12:00:45 AM experiments.MultiThreadExperiment runExperiments
INFO: Running experiment 12 out of 130 (0.092308 %)
Nov 01, 2017 12:00:45 AM experiments.MultiThreadExperiment runExperiment
INFO: Runnning experiment with Lifted Top Matching algorithm for scenrio-id 32, number of threads 24
Nov 01, 2017 12:00:45 AM experiments.MultiThreadExperiment runExperiment
INFO: Running inference
Nov 01, 2017 12:00:45 AM liftedtopmatching.LiftedTopMatchingAlgorithm calculateProbability
INFO: Generating initial deltas
Nov 01, 2017 12:00:45 AM liftedtopmatching.LiftedTopMatchingAlgorithm calculateProbability
INFO: Calculating probability over 26 deltas
Nov 01, 2017 12:00:45 AM liftedtopmatching.LiftedTopMatchingAlgorithm calculateProbability
INFO: Multithread is true. Running with 24 threads
Nov 01, 2017 12:01:08 AM liftedtopmatching.LiftedTopMatchingAlgorithm calculateProbability
INFO: Done calculating the probability
Section description: Inference over scenrio-id 32, query-id 4
Original ranking: [10, 4, 20, 12, 11, 5, 19, 8, 17, 14, 13, 16, 15, 2, 18, 6, 7, 9, 3, 1]
Number of items (m): 20
Number of labels (q): 6
Graph: Level: 0, Label: Cand1, Items: [15, 17, 18], Children: [Cand3]
Level: 0, Label: Cand2, Items: [4, 15, 5], Children: [Cand3, Cand5]
Level: 1, Label: Cand3, Items: [13, 14, 6], Children: [Cand4]
Level: 2, Label: Cand4, Items: [2, 15, 19, 10], Children: []
Level: 1, Label: Cand5, Items: [12, 19, 20], Children: [Cand6]
Level: 2, Label: Cand6, Items: [11, 4, 5, 18], Children: []

Algorithm: Lifted Top Matching
Run multithread: true
Numbr of threads: 24
Optimizations: [Early prunning, Shared modals]
Probabilities: {0.5=0.8473616198535857}
Start Time: Wed Nov 01 00:00:45 IST 2017
End Time: Wed Nov 01 00:01:08 IST 2017
Total Time: 22657 MS

Nov 01, 2017 12:01:08 AM experiments.MultiThreadExperiment runExperiment
INFO: Adding a new Stats row to the stats file of Lifted Top Matching algorithm, query-id 4
Nov 01, 2017 12:01:08 AM experiments.MultiThreadExperiment runExperiments
INFO: Running experiment 13 out of 130 (0.100000 %)
Nov 01, 2017 12:01:08 AM experiments.MultiThreadExperiment runExperiment
INFO: Runnning experiment with Lifted Top Matching algorithm for scenrio-id 33, number of threads 1
Nov 01, 2017 12:01:08 AM experiments.MultiThreadExperiment runExperiment
INFO: Running inference
Nov 01, 2017 12:01:08 AM liftedtopmatching.LiftedTopMatchingAlgorithm calculateProbability
INFO: Generating initial deltas
Nov 01, 2017 12:01:08 AM liftedtopmatching.LiftedTopMatchingAlgorithm calculateProbability
INFO: Calculating probability over 19 deltas
Nov 01, 2017 12:01:08 AM liftedtopmatching.LiftedTopMatchingAlgorithm calculateProbability
INFO: Multithread is false
Nov 01, 2017 12:01:08 AM liftedtopmatching.LiftedTopMatchingAlgorithm calculateProbabilityForSubsetOfDeltas
INFO: Calculating probability over 19 deltas
Nov 01, 2017 12:01:08 AM liftedtopmatching.LiftedTopMatchingAlgorithm calculateProbabilityForSubsetOfDeltas
INFO: Done with 1 out of 20 items
Nov 01, 2017 12:01:08 AM liftedtopmatching.LiftedTopMatchingAlgorithm calculateProbabilityForSubsetOfDeltas
INFO: Calculating probability over 129 deltas
Nov 01, 2017 12:01:08 AM liftedtopmatching.LiftedTopMatchingAlgorithm calculateProbabilityForSubsetOfDeltas
INFO: Done with 2 out of 20 items
Nov 01, 2017 12:01:08 AM liftedtopmatching.LiftedTopMatchingAlgorithm calculateProbabilityForSubsetOfDeltas
INFO: Calculating probability over 556 deltas
Nov 01, 2017 12:01:08 AM liftedtopmatching.LiftedTopMatchingAlgorithm calculateProbabilityForSubsetOfDeltas
INFO: Done with 3 out of 20 items
Nov 01, 2017 12:01:08 AM liftedtopmatching.LiftedTopMatchingAlgorithm calculateProbabilityForSubsetOfDeltas
INFO: Calculating probability over 1991 deltas
Nov 01, 2017 12:01:08 AM liftedtopmatching.LiftedTopMatchingAlgorithm calculateProbabilityForSubsetOfDeltas
INFO: Done with 4 out of 20 items
Nov 01, 2017 12:01:08 AM liftedtopmatching.LiftedTopMatchingAlgorithm calculateProbabilityForSubsetOfDeltas
INFO: Calculating probability over 5524 deltas
Nov 01, 2017 12:01:09 AM liftedtopmatching.LiftedTopMatchingAlgorithm calculateProbabilityForSubsetOfDeltas
INFO: Done with 5 out of 20 items
Nov 01, 2017 12:01:09 AM liftedtopmatching.LiftedTopMatchingAlgorithm calculateProbabilityForSubsetOfDeltas
INFO: Calculating probability over 13031 deltas
Nov 01, 2017 12:01:09 AM liftedtopmatching.LiftedTopMatchingAlgorithm calculateProbabilityForSubsetOfDeltas
INFO: Done with 6 out of 20 items
Nov 01, 2017 12:01:09 AM liftedtopmatching.LiftedTopMatchingAlgorithm calculateProbabilityForSubsetOfDeltas
INFO: Calculating probability over 40173 deltas
Nov 01, 2017 12:01:10 AM liftedtopmatching.LiftedTopMatchingAlgorithm calculateProbabilityForSubsetOfDeltas
INFO: Done with 7 out of 20 items
Nov 01, 2017 12:01:10 AM liftedtopmatching.LiftedTopMatchingAlgorithm calculateProbabilityForSubsetOfDeltas
INFO: Calculating probability over 153264 deltas
Nov 01, 2017 12:01:14 AM liftedtopmatching.LiftedTopMatchingAlgorithm calculateProbabilityForSubsetOfDeltas
INFO: Done with 8 out of 20 items
Nov 01, 2017 12:01:14 AM liftedtopmatching.LiftedTopMatchingAlgorithm calculateProbabilityForSubsetOfDeltas
INFO: Calculating probability over 297055 deltas
Nov 01, 2017 12:01:29 AM liftedtopmatching.LiftedTopMatchingAlgorithm calculateProbabilityForSubsetOfDeltas
INFO: Done with 9 out of 20 items
Nov 01, 2017 12:01:29 AM liftedtopmatching.LiftedTopMatchingAlgorithm calculateProbabilityForSubsetOfDeltas
INFO: Calculating probability over 554118 deltas
Nov 01, 2017 12:01:48 AM liftedtopmatching.LiftedTopMatchingAlgorithm calculateProbabilityForSubsetOfDeltas
INFO: Done with 10 out of 20 items
Nov 01, 2017 12:01:48 AM liftedtopmatching.LiftedTopMatchingAlgorithm calculateProbabilityForSubsetOfDeltas
INFO: Calculating probability over 1516753 deltas
Nov 01, 2017 12:02:38 AM liftedtopmatching.LiftedTopMatchingAlgorithm calculateProbabilityForSubsetOfDeltas
INFO: Done with 11 out of 20 items
Nov 01, 2017 12:02:38 AM liftedtopmatching.LiftedTopMatchingAlgorithm calculateProbabilityForSubsetOfDeltas
INFO: Calculating probability over 2939706 deltas
Nov 01, 2017 12:04:32 AM liftedtopmatching.LiftedTopMatchingAlgorithm calculateProbabilityForSubsetOfDeltas
INFO: Done with 12 out of 20 items
Nov 01, 2017 12:04:32 AM liftedtopmatching.LiftedTopMatchingAlgorithm calculateProbabilityForSubsetOfDeltas
INFO: Calculating probability over 4671962 deltas
Nov 01, 2017 12:08:20 AM liftedtopmatching.LiftedTopMatchingAlgorithm calculateProbabilityForSubsetOfDeltas
INFO: Done with 13 out of 20 items
Nov 01, 2017 12:08:20 AM liftedtopmatching.LiftedTopMatchingAlgorithm calculateProbabilityForSubsetOfDeltas
INFO: Calculating probability over 7892489 deltas
Nov 01, 2017 12:23:05 AM liftedtopmatching.LiftedTopMatchingAlgorithm calculateProbabilityForSubsetOfDeltas
INFO: Done with 14 out of 20 items
Nov 01, 2017 12:23:05 AM liftedtopmatching.LiftedTopMatchingAlgorithm calculateProbabilityForSubsetOfDeltas
INFO: Calculating probability over 12014794 deltas
